[2020-06-21 01:41:32] production.ERROR: Exception: Invalid state in /var/www/vhosts/talkie.vn/httpdocs/vendor/flarum/auth-facebook/src/FacebookAuthController.php:87
Stack trace:
#0 /var/www/vhosts/talkie.vn/httpdocs/vendor/flarum/core/src/Http/RouteHandlerFactory.php(38): Flarum\Auth\Facebook\FacebookAuthController->handle(Object(Laminas\Diactoros\ServerRequest))
#1 /var/www/vhosts/talkie.vn/httpdocs/vendor/flarum/core/src/Http/Middleware/DispatchRoute.php(65): Flarum\Http\RouteHandlerFactory->Flarum\Http\{closure}(Object(Laminas\Diactoros\ServerRequest), Array)
#2 /var/www/vhosts/talkie.vn/httpdocs/vendor/laminas/laminas-stratigility/src/Next.php(61): Flarum\Http\Middleware\DispatchRoute->process(Object(Laminas\Diactoros\ServerRequest), Object(Closure))
#3 /var/www/vhosts/talkie.vn/httpdocs/vendor/fof/stopforumspam/src/Middleware/RegisterMiddleware.php(94): Laminas\Stratigility\Next->handle(Object(Laminas\Diactoros\ServerRequest))
#4 /var/www/vhosts/talkie.vn/httpdocs/vendor/laminas/laminas-stratigility/src/Next.php(61): FoF\StopForumSpam\Middleware\RegisterMiddleware->process(Object(Laminas\Diactoros\ServerRequest), Object(Laminas\Stratigility\Next))
#5 /var/www/vhosts/talkie.vn/httpdocs/vendor/fof/terms/src/Middlewares/RegisterMiddleware.php(54): Laminas\Stratigility\Next->handle(Object(Laminas\Diactoros\ServerRequest))
#6 /var/www/vhosts/talkie.vn/httpdocs/vendor/laminas/laminas-stratigility/src/Next.php(61): FoF\Terms\Middlewares\RegisterMiddleware->process(Object(Laminas\Diactoros\ServerRequest), Object(Laminas\Stratigility\Next))
#7 /var/www/vhosts/talkie.vn/httpdocs/vendor/flarum/core/src/Http/Middleware/ShareErrorsFromSession.php(57): Laminas\Stratigility\Next->handle(Object(Laminas\Diactoros\ServerRequest))
#8 /var/www/vhosts/talkie.vn/httpdocs/vendor/laminas/laminas-stratigility/src/Next.php(61): Flarum\Http\Middleware\ShareErrorsFromSession->process(Object(Laminas\Diactoros\ServerRequest), Object(Laminas\Stratigility\Next))
#9 /var/www/vhosts/talkie.vn/httpdocs/vendor/flarum/core/src/Http/Middleware/SetLocale.php(50): Laminas\Stratigility\Next->handle(Object(Laminas\Diactoros\ServerRequest))
#10 /var/www/vhosts/talkie.vn/httpdocs/vendor/laminas/laminas-stratigility/src/Next.php(61): Flarum\Http\Middleware\SetLocale->process(Object(Laminas\Diactoros\ServerRequest), Object(Laminas\Stratigility\Next))
#11 /var/www/vhosts/talkie.vn/httpdocs/vendor/flarum/core/src/Http/Middleware/CheckCsrfToken.php(37): Laminas\Stratigility\Next->handle(Object(Laminas\Diactoros\ServerRequest))
#12 /var/www/vhosts/talkie.vn/httpdocs/vendor/laminas/laminas-stratigility/src/Next.php(61): Flarum\Http\Middleware\CheckCsrfToken->process(Object(Laminas\Diactoros\ServerRequest), Object(Laminas\Stratigility\Next))
#13 /var/www/vhosts/talkie.vn/httpdocs/vendor/flarum/core/src/Http/Middleware/AuthenticateWithSession.php(32): Laminas\Stratigility\Next->handle(Object(Laminas\Diactoros\ServerRequest))
#14 /var/www/vhosts/talkie.vn/httpdocs/vendor/laminas/laminas-stratigility/src/Next.php(61): Flarum\Http\Middleware\AuthenticateWithSession->process(Object(Laminas\Diactoros\ServerRequest), Object(Laminas\Stratigility\Next))
#15 /var/www/vhosts/talkie.vn/httpdocs/vendor/flarum/core/src/Http/Middleware/RememberFromCookie.php(51): Laminas\Stratigility\Next->handle(Object(Laminas\Diactoros\ServerRequest))
#16 /var/www/vhosts/talkie.vn/httpdocs/vendor/laminas/laminas-stratigility/src/Next.php(61): Flarum\Http\Middleware\RememberFromCookie->process(Object(Laminas\Diactoros\ServerRequest), Object(Laminas\Stratigility\Next))
#17 /var/www/vhosts/talkie.vn/httpdocs/vendor/flarum/core/src/Http/Middleware/StartSession.php(61): Laminas\Stratigility\Next->handle(Object(Laminas\Diactoros\ServerRequest))
#18 /var/www/vhosts/talkie.vn/httpdocs/vendor/laminas/laminas-stratigility/src/Next.php(61): Flarum\Http\Middleware\StartSession->process(Object(Laminas\Diactoros\ServerRequest), Object(Laminas\Stratigility\Next))
#19 /var/www/vhosts/talkie.vn/httpdocs/vendor/flarum/core/src/Http/Middleware/CollectGarbage.php(46): Laminas\Stratigility\Next->handle(Object(Laminas\Diactoros\ServerRequest))
#20 /var/www/vhosts/talkie.vn/httpdocs/vendor/laminas/laminas-stratigility/src/Next.php(61): Flarum\Http\Middleware\CollectGarbage->process(Object(Laminas\Diactoros\ServerRequest), Object(Laminas\Stratigility\Next))
#21 /var/www/vhosts/talkie.vn/httpdocs/vendor/flarum/core/src/Http/Middleware/ParseJsonBody.php(28): Laminas\Stratigility\Next->handle(Object(Laminas\Diactoros\ServerRequest))
#22 /var/www/vhosts/talkie.vn/httpdocs/vendor/laminas/laminas-stratigility/src/Next.php(61): Flarum\Http\Middleware\ParseJsonBody->process(Object(Laminas\Diactoros\ServerRequest), Object(Laminas\Stratigility\Next))
#23 /var/www/vhosts/talkie.vn/httpdocs/vendor/flarum/core/src/Http/Middleware/HandleErrors.php(57): Laminas\Stratigility\Next->handle(Object(Laminas\Diactoros\ServerRequest))
#24 /var/www/vhosts/talkie.vn/httpdocs/vendor/laminas/laminas-stratigility/src/Next.php(61): Flarum\Http\Middleware\HandleErrors->process(Object(Laminas\Diactoros\ServerRequest), Object(Laminas\Stratigility\Next))
#25 /var/www/vhosts/talkie.vn/httpdocs/vendor/laminas/laminas-stratigility/src/MiddlewarePipe.php(84): Laminas\Stratigility\Next->handle(Object(Laminas\Diactoros\ServerRequest))
#26 /var/www/vhosts/talkie.vn/httpdocs/vendor/middlewares/request-handler/src/RequestHandler.php(84): Laminas\Stratigility\MiddlewarePipe->process(Object(Laminas\Diactoros\ServerRequest), Object(Laminas\Stratigility\Next))
#27 /var/www/vhosts/talkie.vn/httpdocs/vendor/laminas/laminas-stratigility/src/Next.php(61): Middlewares\RequestHandler->process(Object(Laminas\Diactoros\ServerRequest), Object(Laminas\Stratigility\Next))
#28 /var/www/vhosts/talkie.vn/httpdocs/vendor/middlewares/base-path-router/src/BasePathRouter.php(97): Laminas\Stratigility\Next->handle(Object(Laminas\Diactoros\ServerRequest))
#29 /var/www/vhosts/talkie.vn/httpdocs/vendor/laminas/laminas-stratigility/src/Next.php(61): Middlewares\BasePathRouter->process(Object(Laminas\Diactoros\ServerRequest), Object(Laminas\Stratigility\Next))
#30 /var/www/vhosts/talkie.vn/httpdocs/vendor/laminas/laminas-stratigility/src/Middleware/OriginalMessages.php(42): Laminas\Stratigility\Next->handle(Object(Laminas\Diactoros\ServerRequest))
#31 /var/www/vhosts/talkie.vn/httpdocs/vendor/laminas/laminas-stratigility/src/Next.php(61): Laminas\Stratigility\Middleware\OriginalMessages->process(Object(Laminas\Diactoros\ServerRequest), Object(Laminas\Stratigility\Next))
#32 /var/www/vhosts/talkie.vn/httpdocs/vendor/middlewares/base-path/src/BasePath.php(53): Laminas\Stratigility\Next->handle(Object(Laminas\Diactoros\ServerRequest))
#33 /var/www/vhosts/talkie.vn/httpdocs/vendor/laminas/laminas-stratigility/src/Next.php(61): Middlewares\BasePath->process(Object(Laminas\Diactoros\ServerRequest), Object(Laminas\Stratigility\Next))
#34 /var/www/vhosts/talkie.vn/httpdocs/vendor/laminas/laminas-stratigility/src/MiddlewarePipe.php(84): Laminas\Stratigility\Next->handle(Object(Laminas\Diactoros\ServerRequest))
#35 /var/www/vhosts/talkie.vn/httpdocs/vendor/laminas/laminas-stratigility/src/MiddlewarePipe.php(73): Laminas\Stratigility\MiddlewarePipe->process(Object(Laminas\Diactoros\ServerRequest), Object(Laminas\Stratigility\EmptyPipelineHandler))
#36 /var/www/vhosts/talkie.vn/httpdocs/vendor/laminas/laminas-httphandlerrunner/src/RequestHandlerRunner.php(96): Laminas\Stratigility\MiddlewarePipe->handle(Object(Laminas\Diactoros\ServerRequest))
#37 /var/www/vhosts/talkie.vn/httpdocs/vendor/flarum/core/src/Http/Server.php(42): Laminas\HttpHandlerRunner\RequestHandlerRunner->run()
#38 /var/www/vhosts/talkie.vn/httpdocs/public/index.php(26): Flarum\Http\Server->listen()
#39 {main}  
[2020-06-21 01:41:46] production.ERROR: Exception: Invalid state in /var/www/vhosts/talkie.vn/httpdocs/vendor/flarum/auth-facebook/src/FacebookAuthController.php:87
Stack trace:
#0 /var/www/vhosts/talkie.vn/httpdocs/vendor/flarum/core/src/Http/RouteHandlerFactory.php(38): Flarum\Auth\Facebook\FacebookAuthController->handle(Object(Laminas\Diactoros\ServerRequest))
#1 /var/www/vhosts/talkie.vn/httpdocs/vendor/flarum/core/src/Http/Middleware/DispatchRoute.php(65): Flarum\Http\RouteHandlerFactory->Flarum\Http\{closure}(Object(Laminas\Diactoros\ServerRequest), Array)
#2 /var/www/vhosts/talkie.vn/httpdocs/vendor/laminas/laminas-stratigility/src/Next.php(61): Flarum\Http\Middleware\DispatchRoute->process(Object(Laminas\Diactoros\ServerRequest), Object(Closure))
#3 /var/www/vhosts/talkie.vn/httpdocs/vendor/fof/stopforumspam/src/Middleware/RegisterMiddleware.php(94): Laminas\Stratigility\Next->handle(Object(Laminas\Diactoros\ServerRequest))
#4 /var/www/vhosts/talkie.vn/httpdocs/vendor/laminas/laminas-stratigility/src/Next.php(61): FoF\StopForumSpam\Middleware\RegisterMiddleware->process(Object(Laminas\Diactoros\ServerRequest), Object(Laminas\Stratigility\Next))
#5 /var/www/vhosts/talkie.vn/httpdocs/vendor/fof/terms/src/Middlewares/RegisterMiddleware.php(54): Laminas\Stratigility\Next->handle(Object(Laminas\Diactoros\ServerRequest))
#6 /var/www/vhosts/talkie.vn/httpdocs/vendor/laminas/laminas-stratigility/src/Next.php(61): FoF\Terms\Middlewares\RegisterMiddleware->process(Object(Laminas\Diactoros\ServerRequest), Object(Laminas\Stratigility\Next))
#7 /var/www/vhosts/talkie.vn/httpdocs/vendor/flarum/core/src/Http/Middleware/ShareErrorsFromSession.php(57): Laminas\Stratigility\Next->handle(Object(Laminas\Diactoros\ServerRequest))
#8 /var/www/vhosts/talkie.vn/httpdocs/vendor/laminas/laminas-stratigility/src/Next.php(61): Flarum\Http\Middleware\ShareErrorsFromSession->process(Object(Laminas\Diactoros\ServerRequest), Object(Laminas\Stratigility\Next))
#9 /var/www/vhosts/talkie.vn/httpdocs/vendor/flarum/core/src/Http/Middleware/SetLocale.php(50): Laminas\Stratigility\Next->handle(Object(Laminas\Diactoros\ServerRequest))
#10 /var/www/vhosts/talkie.vn/httpdocs/vendor/laminas/laminas-stratigility/src/Next.php(61): Flarum\Http\Middleware\SetLocale->process(Object(Laminas\Diactoros\ServerRequest), Object(Laminas\Stratigility\Next))
#11 /var/www/vhosts/talkie.vn/httpdocs/vendor/flarum/core/src/Http/Middleware/CheckCsrfToken.php(37): Laminas\Stratigility\Next->handle(Object(Laminas\Diactoros\ServerRequest))
#12 /var/www/vhosts/talkie.vn/httpdocs/vendor/laminas/laminas-stratigility/src/Next.php(61): Flarum\Http\Middleware\CheckCsrfToken->process(Object(Laminas\Diactoros\ServerRequest), Object(Laminas\Stratigility\Next))
#13 /var/www/vhosts/talkie.vn/httpdocs/vendor/flarum/core/src/Http/Middleware/AuthenticateWithSession.php(32): Laminas\Stratigility\Next->handle(Object(Laminas\Diactoros\ServerRequest))
#14 /var/www/vhosts/talkie.vn/httpdocs/vendor/laminas/laminas-stratigility/src/Next.php(61): Flarum\Http\Middleware\AuthenticateWithSession->process(Object(Laminas\Diactoros\ServerRequest), Object(Laminas\Stratigility\Next))
#15 /var/www/vhosts/talkie.vn/httpdocs/vendor/flarum/core/src/Http/Middleware/RememberFromCookie.php(51): Laminas\Stratigility\Next->handle(Object(Laminas\Diactoros\ServerRequest))
#16 /var/www/vhosts/talkie.vn/httpdocs/vendor/laminas/laminas-stratigility/src/Next.php(61): Flarum\Http\Middleware\RememberFromCookie->process(Object(Laminas\Diactoros\ServerRequest), Object(Laminas\Stratigility\Next))
#17 /var/www/vhosts/talkie.vn/httpdocs/vendor/flarum/core/src/Http/Middleware/StartSession.php(61): Laminas\Stratigility\Next->handle(Object(Laminas\Diactoros\ServerRequest))
#18 /var/www/vhosts/talkie.vn/httpdocs/vendor/laminas/laminas-stratigility/src/Next.php(61): Flarum\Http\Middleware\StartSession->process(Object(Laminas\Diactoros\ServerRequest), Object(Laminas\Stratigility\Next))
#19 /var/www/vhosts/talkie.vn/httpdocs/vendor/flarum/core/src/Http/Middleware/CollectGarbage.php(46): Laminas\Stratigility\Next->handle(Object(Laminas\Diactoros\ServerRequest))
#20 /var/www/vhosts/talkie.vn/httpdocs/vendor/laminas/laminas-stratigility/src/Next.php(61): Flarum\Http\Middleware\CollectGarbage->process(Object(Laminas\Diactoros\ServerRequest), Object(Laminas\Stratigility\Next))
#21 /var/www/vhosts/talkie.vn/httpdocs/vendor/flarum/core/src/Http/Middleware/ParseJsonBody.php(28): Laminas\Stratigility\Next->handle(Object(Laminas\Diactoros\ServerRequest))
#22 /var/www/vhosts/talkie.vn/httpdocs/vendor/laminas/laminas-stratigility/src/Next.php(61): Flarum\Http\Middleware\ParseJsonBody->process(Object(Laminas\Diactoros\ServerRequest), Object(Laminas\Stratigility\Next))
#23 /var/www/vhosts/talkie.vn/httpdocs/vendor/flarum/core/src/Http/Middleware/HandleErrors.php(57): Laminas\Stratigility\Next->handle(Object(Laminas\Diactoros\ServerRequest))
#24 /var/www/vhosts/talkie.vn/httpdocs/vendor/laminas/laminas-stratigility/src/Next.php(61): Flarum\Http\Middleware\HandleErrors->process(Object(Laminas\Diactoros\ServerRequest), Object(Laminas\Stratigility\Next))
#25 /var/www/vhosts/talkie.vn/httpdocs/vendor/laminas/laminas-stratigility/src/MiddlewarePipe.php(84): Laminas\Stratigility\Next->handle(Object(Laminas\Diactoros\ServerRequest))
#26 /var/www/vhosts/talkie.vn/httpdocs/vendor/middlewares/request-handler/src/RequestHandler.php(84): Laminas\Stratigility\MiddlewarePipe->process(Object(Laminas\Diactoros\ServerRequest), Object(Laminas\Stratigility\Next))
#27 /var/www/vhosts/talkie.vn/httpdocs/vendor/laminas/laminas-stratigility/src/Next.php(61): Middlewares\RequestHandler->process(Object(Laminas\Diactoros\ServerRequest), Object(Laminas\Stratigility\Next))
#28 /var/www/vhosts/talkie.vn/httpdocs/vendor/middlewares/base-path-router/src/BasePathRouter.php(97): Laminas\Stratigility\Next->handle(Object(Laminas\Diactoros\ServerRequest))
#29 /var/www/vhosts/talkie.vn/httpdocs/vendor/laminas/laminas-stratigility/src/Next.php(61): Middlewares\BasePathRouter->process(Object(Laminas\Diactoros\ServerRequest), Object(Laminas\Stratigility\Next))
#30 /var/www/vhosts/talkie.vn/httpdocs/vendor/laminas/laminas-stratigility/src/Middleware/OriginalMessages.php(42): Laminas\Stratigility\Next->handle(Object(Laminas\Diactoros\ServerRequest))
#31 /var/www/vhosts/talkie.vn/httpdocs/vendor/laminas/laminas-stratigility/src/Next.php(61): Laminas\Stratigility\Middleware\OriginalMessages->process(Object(Laminas\Diactoros\ServerRequest), Object(Laminas\Stratigility\Next))
#32 /var/www/vhosts/talkie.vn/httpdocs/vendor/middlewares/base-path/src/BasePath.php(53): Laminas\Stratigility\Next->handle(Object(Laminas\Diactoros\ServerRequest))
#33 /var/www/vhosts/talkie.vn/httpdocs/vendor/laminas/laminas-stratigility/src/Next.php(61): Middlewares\BasePath->process(Object(Laminas\Diactoros\ServerRequest), Object(Laminas\Stratigility\Next))
#34 /var/www/vhosts/talkie.vn/httpdocs/vendor/laminas/laminas-stratigility/src/MiddlewarePipe.php(84): Laminas\Stratigility\Next->handle(Object(Laminas\Diactoros\ServerRequest))
#35 /var/www/vhosts/talkie.vn/httpdocs/vendor/laminas/laminas-stratigility/src/MiddlewarePipe.php(73): Laminas\Stratigility\MiddlewarePipe->process(Object(Laminas\Diactoros\ServerRequest), Object(Laminas\Stratigility\EmptyPipelineHandler))
#36 /var/www/vhosts/talkie.vn/httpdocs/vendor/laminas/laminas-httphandlerrunner/src/RequestHandlerRunner.php(96): Laminas\Stratigility\MiddlewarePipe->handle(Object(Laminas\Diactoros\ServerRequest))
#37 /var/www/vhosts/talkie.vn/httpdocs/vendor/flarum/core/src/Http/Server.php(42): Laminas\HttpHandlerRunner\RequestHandlerRunner->run()
#38 /var/www/vhosts/talkie.vn/httpdocs/public/index.php(26): Flarum\Http\Server->listen()
#39 {main}  
[2020-06-21 02:51:44] production.ERROR: Exception: Invalid state in /var/www/vhosts/talkie.vn/httpdocs/vendor/flarum/auth-facebook/src/FacebookAuthController.php:87
Stack trace:
#0 /var/www/vhosts/talkie.vn/httpdocs/vendor/flarum/core/src/Http/RouteHandlerFactory.php(38): Flarum\Auth\Facebook\FacebookAuthController->handle(Object(Laminas\Diactoros\ServerRequest))
#1 /var/www/vhosts/talkie.vn/httpdocs/vendor/flarum/core/src/Http/Middleware/DispatchRoute.php(65): Flarum\Http\RouteHandlerFactory->Flarum\Http\{closure}(Object(Laminas\Diactoros\ServerRequest), Array)
#2 /var/www/vhosts/talkie.vn/httpdocs/vendor/laminas/laminas-stratigility/src/Next.php(61): Flarum\Http\Middleware\DispatchRoute->process(Object(Laminas\Diactoros\ServerRequest), Object(Closure))
#3 /var/www/vhosts/talkie.vn/httpdocs/vendor/fof/stopforumspam/src/Middleware/RegisterMiddleware.php(94): Laminas\Stratigility\Next->handle(Object(Laminas\Diactoros\ServerRequest))
#4 /var/www/vhosts/talkie.vn/httpdocs/vendor/laminas/laminas-stratigility/src/Next.php(61): FoF\StopForumSpam\Middleware\RegisterMiddleware->process(Object(Laminas\Diactoros\ServerRequest), Object(Laminas\Stratigility\Next))
#5 /var/www/vhosts/talkie.vn/httpdocs/vendor/fof/terms/src/Middlewares/RegisterMiddleware.php(54): Laminas\Stratigility\Next->handle(Object(Laminas\Diactoros\ServerRequest))
#6 /var/www/vhosts/talkie.vn/httpdocs/vendor/laminas/laminas-stratigility/src/Next.php(61): FoF\Terms\Middlewares\RegisterMiddleware->process(Object(Laminas\Diactoros\ServerRequest), Object(Laminas\Stratigility\Next))
#7 /var/www/vhosts/talkie.vn/httpdocs/vendor/flarum/core/src/Http/Middleware/ShareErrorsFromSession.php(57): Laminas\Stratigility\Next->handle(Object(Laminas\Diactoros\ServerRequest))
#8 /var/www/vhosts/talkie.vn/httpdocs/vendor/laminas/laminas-stratigility/src/Next.php(61): Flarum\Http\Middleware\ShareErrorsFromSession->process(Object(Laminas\Diactoros\ServerRequest), Object(Laminas\Stratigility\Next))
#9 /var/www/vhosts/talkie.vn/httpdocs/vendor/flarum/core/src/Http/Middleware/SetLocale.php(50): Laminas\Stratigility\Next->handle(Object(Laminas\Diactoros\ServerRequest))
#10 /var/www/vhosts/talkie.vn/httpdocs/vendor/laminas/laminas-stratigility/src/Next.php(61): Flarum\Http\Middleware\SetLocale->process(Object(Laminas\Diactoros\ServerRequest), Object(Laminas\Stratigility\Next))
#11 /var/www/vhosts/talkie.vn/httpdocs/vendor/flarum/core/src/Http/Middleware/CheckCsrfToken.php(37): Laminas\Stratigility\Next->handle(Object(Laminas\Diactoros\ServerRequest))
#12 /var/www/vhosts/talkie.vn/httpdocs/vendor/laminas/laminas-stratigility/src/Next.php(61): Flarum\Http\Middleware\CheckCsrfToken->process(Object(Laminas\Diactoros\ServerRequest), Object(Laminas\Stratigility\Next))
#13 /var/www/vhosts/talkie.vn/httpdocs/vendor/flarum/core/src/Http/Middleware/AuthenticateWithSession.php(32): Laminas\Stratigility\Next->handle(Object(Laminas\Diactoros\ServerRequest))
#14 /var/www/vhosts/talkie.vn/httpdocs/vendor/laminas/laminas-stratigility/src/Next.php(61): Flarum\Http\Middleware\AuthenticateWithSession->process(Object(Laminas\Diactoros\ServerRequest), Object(Laminas\Stratigility\Next))
#15 /var/www/vhosts/talkie.vn/httpdocs/vendor/flarum/core/src/Http/Middleware/RememberFromCookie.php(51): Laminas\Stratigility\Next->handle(Object(Laminas\Diactoros\ServerRequest))
#16 /var/www/vhosts/talkie.vn/httpdocs/vendor/laminas/laminas-stratigility/src/Next.php(61): Flarum\Http\Middleware\RememberFromCookie->process(Object(Laminas\Diactoros\ServerRequest), Object(Laminas\Stratigility\Next))
#17 /var/www/vhosts/talkie.vn/httpdocs/vendor/flarum/core/src/Http/Middleware/StartSession.php(61): Laminas\Stratigility\Next->handle(Object(Laminas\Diactoros\ServerRequest))
#18 /var/www/vhosts/talkie.vn/httpdocs/vendor/laminas/laminas-stratigility/src/Next.php(61): Flarum\Http\Middleware\StartSession->process(Object(Laminas\Diactoros\ServerRequest), Object(Laminas\Stratigility\Next))
#19 /var/www/vhosts/talkie.vn/httpdocs/vendor/flarum/core/src/Http/Middleware/CollectGarbage.php(46): Laminas\Stratigility\Next->handle(Object(Laminas\Diactoros\ServerRequest))
#20 /var/www/vhosts/talkie.vn/httpdocs/vendor/laminas/laminas-stratigility/src/Next.php(61): Flarum\Http\Middleware\CollectGarbage->process(Object(Laminas\Diactoros\ServerRequest), Object(Laminas\Stratigility\Next))
#21 /var/www/vhosts/talkie.vn/httpdocs/vendor/flarum/core/src/Http/Middleware/ParseJsonBody.php(28): Laminas\Stratigility\Next->handle(Object(Laminas\Diactoros\ServerRequest))
#22 /var/www/vhosts/talkie.vn/httpdocs/vendor/laminas/laminas-stratigility/src/Next.php(61): Flarum\Http\Middleware\ParseJsonBody->process(Object(Laminas\Diactoros\ServerRequest), Object(Laminas\Stratigility\Next))
#23 /var/www/vhosts/talkie.vn/httpdocs/vendor/flarum/core/src/Http/Middleware/HandleErrors.php(57): Laminas\Stratigility\Next->handle(Object(Laminas\Diactoros\ServerRequest))
#24 /var/www/vhosts/talkie.vn/httpdocs/vendor/laminas/laminas-stratigility/src/Next.php(61): Flarum\Http\Middleware\HandleErrors->process(Object(Laminas\Diactoros\ServerRequest), Object(Laminas\Stratigility\Next))
#25 /var/www/vhosts/talkie.vn/httpdocs/vendor/laminas/laminas-stratigility/src/MiddlewarePipe.php(84): Laminas\Stratigility\Next->handle(Object(Laminas\Diactoros\ServerRequest))
#26 /var/www/vhosts/talkie.vn/httpdocs/vendor/middlewares/request-handler/src/RequestHandler.php(84): Laminas\Stratigility\MiddlewarePipe->process(Object(Laminas\Diactoros\ServerRequest), Object(Laminas\Stratigility\Next))
#27 /var/www/vhosts/talkie.vn/httpdocs/vendor/laminas/laminas-stratigility/src/Next.php(61): Middlewares\RequestHandler->process(Object(Laminas\Diactoros\ServerRequest), Object(Laminas\Stratigility\Next))
#28 /var/www/vhosts/talkie.vn/httpdocs/vendor/middlewares/base-path-router/src/BasePathRouter.php(97): Laminas\Stratigility\Next->handle(Object(Laminas\Diactoros\ServerRequest))
#29 /var/www/vhosts/talkie.vn/httpdocs/vendor/laminas/laminas-stratigility/src/Next.php(61): Middlewares\BasePathRouter->process(Object(Laminas\Diactoros\ServerRequest), Object(Laminas\Stratigility\Next))
#30 /var/www/vhosts/talkie.vn/httpdocs/vendor/laminas/laminas-stratigility/src/Middleware/OriginalMessages.php(42): Laminas\Stratigility\Next->handle(Object(Laminas\Diactoros\ServerRequest))
#31 /var/www/vhosts/talkie.vn/httpdocs/vendor/laminas/laminas-stratigility/src/Next.php(61): Laminas\Stratigility\Middleware\OriginalMessages->process(Object(Laminas\Diactoros\ServerRequest), Object(Laminas\Stratigility\Next))
#32 /var/www/vhosts/talkie.vn/httpdocs/vendor/middlewares/base-path/src/BasePath.php(53): Laminas\Stratigility\Next->handle(Object(Laminas\Diactoros\ServerRequest))
#33 /var/www/vhosts/talkie.vn/httpdocs/vendor/laminas/laminas-stratigility/src/Next.php(61): Middlewares\BasePath->process(Object(Laminas\Diactoros\ServerRequest), Object(Laminas\Stratigility\Next))
#34 /var/www/vhosts/talkie.vn/httpdocs/vendor/laminas/laminas-stratigility/src/MiddlewarePipe.php(84): Laminas\Stratigility\Next->handle(Object(Laminas\Diactoros\ServerRequest))
#35 /var/www/vhosts/talkie.vn/httpdocs/vendor/laminas/laminas-stratigility/src/MiddlewarePipe.php(73): Laminas\Stratigility\MiddlewarePipe->process(Object(Laminas\Diactoros\ServerRequest), Object(Laminas\Stratigility\EmptyPipelineHandler))
#36 /var/www/vhosts/talkie.vn/httpdocs/vendor/laminas/laminas-httphandlerrunner/src/RequestHandlerRunner.php(96): Laminas\Stratigility\MiddlewarePipe->handle(Object(Laminas\Diactoros\ServerRequest))
#37 /var/www/vhosts/talkie.vn/httpdocs/vendor/flarum/core/src/Http/Server.php(42): Laminas\HttpHandlerRunner\RequestHandlerRunner->run()
#38 /var/www/vhosts/talkie.vn/httpdocs/public/index.php(26): Flarum\Http\Server->listen()
#39 {main}  
[2020-06-21 04:05:45] production.ERROR: Exception: Invalid state in /var/www/vhosts/talkie.vn/httpdocs/vendor/flarum/auth-facebook/src/FacebookAuthController.php:87
Stack trace:
#0 /var/www/vhosts/talkie.vn/httpdocs/vendor/flarum/core/src/Http/RouteHandlerFactory.php(38): Flarum\Auth\Facebook\FacebookAuthController->handle(Object(Laminas\Diactoros\ServerRequest))
#1 /var/www/vhosts/talkie.vn/httpdocs/vendor/flarum/core/src/Http/Middleware/DispatchRoute.php(65): Flarum\Http\RouteHandlerFactory->Flarum\Http\{closure}(Object(Laminas\Diactoros\ServerRequest), Array)
#2 /var/www/vhosts/talkie.vn/httpdocs/vendor/laminas/laminas-stratigility/src/Next.php(61): Flarum\Http\Middleware\DispatchRoute->process(Object(Laminas\Diactoros\ServerRequest), Object(Closure))
#3 /var/www/vhosts/talkie.vn/httpdocs/vendor/fof/stopforumspam/src/Middleware/RegisterMiddleware.php(94): Laminas\Stratigility\Next->handle(Object(Laminas\Diactoros\ServerRequest))
#4 /var/www/vhosts/talkie.vn/httpdocs/vendor/laminas/laminas-stratigility/src/Next.php(61): FoF\StopForumSpam\Middleware\RegisterMiddleware->process(Object(Laminas\Diactoros\ServerRequest), Object(Laminas\Stratigility\Next))
#5 /var/www/vhosts/talkie.vn/httpdocs/vendor/fof/terms/src/Middlewares/RegisterMiddleware.php(54): Laminas\Stratigility\Next->handle(Object(Laminas\Diactoros\ServerRequest))
#6 /var/www/vhosts/talkie.vn/httpdocs/vendor/laminas/laminas-stratigility/src/Next.php(61): FoF\Terms\Middlewares\RegisterMiddleware->process(Object(Laminas\Diactoros\ServerRequest), Object(Laminas\Stratigility\Next))
#7 /var/www/vhosts/talkie.vn/httpdocs/vendor/flarum/core/src/Http/Middleware/ShareErrorsFromSession.php(57): Laminas\Stratigility\Next->handle(Object(Laminas\Diactoros\ServerRequest))
#8 /var/www/vhosts/talkie.vn/httpdocs/vendor/laminas/laminas-stratigility/src/Next.php(61): Flarum\Http\Middleware\ShareErrorsFromSession->process(Object(Laminas\Diactoros\ServerRequest), Object(Laminas\Stratigility\Next))
#9 /var/www/vhosts/talkie.vn/httpdocs/vendor/flarum/core/src/Http/Middleware/SetLocale.php(50): Laminas\Stratigility\Next->handle(Object(Laminas\Diactoros\ServerRequest))
#10 /var/www/vhosts/talkie.vn/httpdocs/vendor/laminas/laminas-stratigility/src/Next.php(61): Flarum\Http\Middleware\SetLocale->process(Object(Laminas\Diactoros\ServerRequest), Object(Laminas\Stratigility\Next))
#11 /var/www/vhosts/talkie.vn/httpdocs/vendor/flarum/core/src/Http/Middleware/CheckCsrfToken.php(37): Laminas\Stratigility\Next->handle(Object(Laminas\Diactoros\ServerRequest))
#12 /var/www/vhosts/talkie.vn/httpdocs/vendor/laminas/laminas-stratigility/src/Next.php(61): Flarum\Http\Middleware\CheckCsrfToken->process(Object(Laminas\Diactoros\ServerRequest), Object(Laminas\Stratigility\Next))
#13 /var/www/vhosts/talkie.vn/httpdocs/vendor/flarum/core/src/Http/Middleware/AuthenticateWithSession.php(32): Laminas\Stratigility\Next->handle(Object(Laminas\Diactoros\ServerRequest))
#14 /var/www/vhosts/talkie.vn/httpdocs/vendor/laminas/laminas-stratigility/src/Next.php(61): Flarum\Http\Middleware\AuthenticateWithSession->process(Object(Laminas\Diactoros\ServerRequest), Object(Laminas\Stratigility\Next))
#15 /var/www/vhosts/talkie.vn/httpdocs/vendor/flarum/core/src/Http/Middleware/RememberFromCookie.php(51): Laminas\Stratigility\Next->handle(Object(Laminas\Diactoros\ServerRequest))
#16 /var/www/vhosts/talkie.vn/httpdocs/vendor/laminas/laminas-stratigility/src/Next.php(61): Flarum\Http\Middleware\RememberFromCookie->process(Object(Laminas\Diactoros\ServerRequest), Object(Laminas\Stratigility\Next))
#17 /var/www/vhosts/talkie.vn/httpdocs/vendor/flarum/core/src/Http/Middleware/StartSession.php(61): Laminas\Stratigility\Next->handle(Object(Laminas\Diactoros\ServerRequest))
#18 /var/www/vhosts/talkie.vn/httpdocs/vendor/laminas/laminas-stratigility/src/Next.php(61): Flarum\Http\Middleware\StartSession->process(Object(Laminas\Diactoros\ServerRequest), Object(Laminas\Stratigility\Next))
#19 /var/www/vhosts/talkie.vn/httpdocs/vendor/flarum/core/src/Http/Middleware/CollectGarbage.php(46): Laminas\Stratigility\Next->handle(Object(Laminas\Diactoros\ServerRequest))
#20 /var/www/vhosts/talkie.vn/httpdocs/vendor/laminas/laminas-stratigility/src/Next.php(61): Flarum\Http\Middleware\CollectGarbage->process(Object(Laminas\Diactoros\ServerRequest), Object(Laminas\Stratigility\Next))
#21 /var/www/vhosts/talkie.vn/httpdocs/vendor/flarum/core/src/Http/Middleware/ParseJsonBody.php(28): Laminas\Stratigility\Next->handle(Object(Laminas\Diactoros\ServerRequest))
#22 /var/www/vhosts/talkie.vn/httpdocs/vendor/laminas/laminas-stratigility/src/Next.php(61): Flarum\Http\Middleware\ParseJsonBody->process(Object(Laminas\Diactoros\ServerRequest), Object(Laminas\Stratigility\Next))
#23 /var/www/vhosts/talkie.vn/httpdocs/vendor/flarum/core/src/Http/Middleware/HandleErrors.php(57): Laminas\Stratigility\Next->handle(Object(Laminas\Diactoros\ServerRequest))
#24 /var/www/vhosts/talkie.vn/httpdocs/vendor/laminas/laminas-stratigility/src/Next.php(61): Flarum\Http\Middleware\HandleErrors->process(Object(Laminas\Diactoros\ServerRequest), Object(Laminas\Stratigility\Next))
#25 /var/www/vhosts/talkie.vn/httpdocs/vendor/laminas/laminas-stratigility/src/MiddlewarePipe.php(84): Laminas\Stratigility\Next->handle(Object(Laminas\Diactoros\ServerRequest))
#26 /var/www/vhosts/talkie.vn/httpdocs/vendor/middlewares/request-handler/src/RequestHandler.php(84): Laminas\Stratigility\MiddlewarePipe->process(Object(Laminas\Diactoros\ServerRequest), Object(Laminas\Stratigility\Next))
#27 /var/www/vhosts/talkie.vn/httpdocs/vendor/laminas/laminas-stratigility/src/Next.php(61): Middlewares\RequestHandler->process(Object(Laminas\Diactoros\ServerRequest), Object(Laminas\Stratigility\Next))
#28 /var/www/vhosts/talkie.vn/httpdocs/vendor/middlewares/base-path-router/src/BasePathRouter.php(97): Laminas\Stratigility\Next->handle(Object(Laminas\Diactoros\ServerRequest))
#29 /var/www/vhosts/talkie.vn/httpdocs/vendor/laminas/laminas-stratigility/src/Next.php(61): Middlewares\BasePathRouter->process(Object(Laminas\Diactoros\ServerRequest), Object(Laminas\Stratigility\Next))
#30 /var/www/vhosts/talkie.vn/httpdocs/vendor/laminas/laminas-stratigility/src/Middleware/OriginalMessages.php(42): Laminas\Stratigility\Next->handle(Object(Laminas\Diactoros\ServerRequest))
#31 /var/www/vhosts/talkie.vn/httpdocs/vendor/laminas/laminas-stratigility/src/Next.php(61): Laminas\Stratigility\Middleware\OriginalMessages->process(Object(Laminas\Diactoros\ServerRequest), Object(Laminas\Stratigility\Next))
#32 /var/www/vhosts/talkie.vn/httpdocs/vendor/middlewares/base-path/src/BasePath.php(53): Laminas\Stratigility\Next->handle(Object(Laminas\Diactoros\ServerRequest))
#33 /var/www/vhosts/talkie.vn/httpdocs/vendor/laminas/laminas-stratigility/src/Next.php(61): Middlewares\BasePath->process(Object(Laminas\Diactoros\ServerRequest), Object(Laminas\Stratigility\Next))
#34 /var/www/vhosts/talkie.vn/httpdocs/vendor/laminas/laminas-stratigility/src/MiddlewarePipe.php(84): Laminas\Stratigility\Next->handle(Object(Laminas\Diactoros\ServerRequest))
#35 /var/www/vhosts/talkie.vn/httpdocs/vendor/laminas/laminas-stratigility/src/MiddlewarePipe.php(73): Laminas\Stratigility\MiddlewarePipe->process(Object(Laminas\Diactoros\ServerRequest), Object(Laminas\Stratigility\EmptyPipelineHandler))
#36 /var/www/vhosts/talkie.vn/httpdocs/vendor/laminas/laminas-httphandlerrunner/src/RequestHandlerRunner.php(96): Laminas\Stratigility\MiddlewarePipe->handle(Object(Laminas\Diactoros\ServerRequest))
#37 /var/www/vhosts/talkie.vn/httpdocs/vendor/flarum/core/src/Http/Server.php(42): Laminas\HttpHandlerRunner\RequestHandlerRunner->run()
#38 /var/www/vhosts/talkie.vn/httpdocs/public/index.php(26): Flarum\Http\Server->listen()
#39 {main}  
