[2020-03-20 20:12:25] production.ERROR: GuzzleHttp\Exception\ClientException: Client error: `GET https://www.googleapis.com/webfonts/v1/webfonts?key=%20AIzaSyCStpGBrKqDFne_aCzvWgPDbkjcYslyL8o%20&sort=popularity` resulted in a `400 Bad Request` response:
{
 "error": {
  "errors": [
   {
    "domain": "usageLimits",
    "reason": "keyInvalid",
    "message": "Bad Request"
  (truncated...)
 in /var/www/vhosts/talkie.vn/httpdocs/vendor/guzzlehttp/guzzle/src/Exception/RequestException.php:113
Stack trace:
#0 /var/www/vhosts/talkie.vn/httpdocs/vendor/guzzlehttp/guzzle/src/Middleware.php(65): GuzzleHttp\Exception\RequestException::create(Object(GuzzleHttp\Psr7\Request), Object(GuzzleHttp\Psr7\Response))
#1 /var/www/vhosts/talkie.vn/httpdocs/vendor/guzzlehttp/promises/src/Promise.php(203): GuzzleHttp\Middleware::GuzzleHttp\{closure}(Object(GuzzleHttp\Psr7\Response))
#2 /var/www/vhosts/talkie.vn/httpdocs/vendor/guzzlehttp/promises/src/Promise.php(156): GuzzleHttp\Promise\Promise::callHandler(1, Object(GuzzleHttp\Psr7\Response), Array)
#3 /var/www/vhosts/talkie.vn/httpdocs/vendor/guzzlehttp/promises/src/TaskQueue.php(47): GuzzleHttp\Promise\Promise::GuzzleHttp\Promise\{closure}()
#4 /var/www/vhosts/talkie.vn/httpdocs/vendor/guzzlehttp/promises/src/Promise.php(246): GuzzleHttp\Promise\TaskQueue->run(true)
#5 /var/www/vhosts/talkie.vn/httpdocs/vendor/guzzlehttp/promises/src/Promise.php(223): GuzzleHttp\Promise\Promise->invokeWaitFn()
#6 /var/www/vhosts/talkie.vn/httpdocs/vendor/guzzlehttp/promises/src/Promise.php(267): GuzzleHttp\Promise\Promise->waitIfPending()
#7 /var/www/vhosts/talkie.vn/httpdocs/vendor/guzzlehttp/promises/src/Promise.php(225): GuzzleHttp\Promise\Promise->invokeWaitList()
#8 /var/www/vhosts/talkie.vn/httpdocs/vendor/guzzlehttp/promises/src/Promise.php(62): GuzzleHttp\Promise\Promise->waitIfPending()
#9 /var/www/vhosts/talkie.vn/httpdocs/vendor/guzzlehttp/guzzle/src/Client.php(183): GuzzleHttp\Promise\Promise->wait()
#10 /var/www/vhosts/talkie.vn/httpdocs/vendor/guzzlehttp/guzzle/src/Client.php(96): GuzzleHttp\Client->request('get', 'https://www.goo...', Array)
#11 /var/www/vhosts/talkie.vn/httpdocs/vendor/flagrow/fonts/src/Search/GoogleFontsApi.php(78): GuzzleHttp\Client->__call('get', Array)
#12 /var/www/vhosts/talkie.vn/httpdocs/vendor/flagrow/fonts/src/Repositories/FontRepository.php(39): Flagrow\Fonts\Search\GoogleFontsApi->get(Array)
#13 /var/www/vhosts/talkie.vn/httpdocs/vendor/flagrow/fonts/src/Repositories/FontRepository.php(81): Flagrow\Fonts\Repositories\FontRepository->fetchFonts(Array)
#14 /var/www/vhosts/talkie.vn/httpdocs/vendor/flagrow/fonts/src/Api/Controllers/ListFontController.php(52): Flagrow\Fonts\Repositories\FontRepository->index(Array)
#15 /var/www/vhosts/talkie.vn/httpdocs/vendor/flarum/core/src/Api/Controller/AbstractSerializeController.php(96): Flagrow\Fonts\Api\Controllers\ListFontController->data(Object(Laminas\Diactoros\ServerRequest), Object(Tobscure\JsonApi\Document))
#16 /var/www/vhosts/talkie.vn/httpdocs/vendor/flarum/core/src/Http/RouteHandlerFactory.php(38): Flarum\Api\Controller\AbstractSerializeController->handle(Object(Laminas\Diactoros\ServerRequest))
#17 /var/www/vhosts/talkie.vn/httpdocs/vendor/flarum/core/src/Http/Middleware/DispatchRoute.php(65): Flarum\Http\RouteHandlerFactory->Flarum\Http\{closure}(Object(Laminas\Diactoros\ServerRequest), Array)
#18 /var/www/vhosts/talkie.vn/httpdocs/vendor/laminas/laminas-stratigility/src/Next.php(61): Flarum\Http\Middleware\DispatchRoute->process(Object(Laminas\Diactoros\ServerRequest), Object(Closure))
#19 /var/www/vhosts/talkie.vn/httpdocs/vendor/fof/stopforumspam/src/Middleware/RegisterMiddleware.php(94): Laminas\Stratigility\Next->handle(Object(Laminas\Diactoros\ServerRequest))
#20 /var/www/vhosts/talkie.vn/httpdocs/vendor/laminas/laminas-stratigility/src/Next.php(61): FoF\StopForumSpam\Middleware\RegisterMiddleware->process(Object(Laminas\Diactoros\ServerRequest), Object(Laminas\Stratigility\Next))
#21 /var/www/vhosts/talkie.vn/httpdocs/vendor/fof/secure-https/src/Middlewares/ContentSecurityPolicyMiddleware.php(21): Laminas\Stratigility\Next->handle(Object(Laminas\Diactoros\ServerRequest))
#22 /var/www/vhosts/talkie.vn/httpdocs/vendor/laminas/laminas-stratigility/src/Next.php(61): FoF\SecureHttps\Middlewares\ContentSecurityPolicyMiddleware->process(Object(Laminas\Diactoros\ServerRequest), Object(Laminas\Stratigility\Next))
#23 /var/www/vhosts/talkie.vn/httpdocs/vendor/flarum/core/src/Http/Middleware/SetLocale.php(50): Laminas\Stratigility\Next->handle(Object(Laminas\Diactoros\ServerRequest))
#24 /var/www/vhosts/talkie.vn/httpdocs/vendor/laminas/laminas-stratigility/src/Next.php(61): Flarum\Http\Middleware\SetLocale->process(Object(Laminas\Diactoros\ServerRequest), Object(Laminas\Stratigility\Next))
#25 /var/www/vhosts/talkie.vn/httpdocs/vendor/flarum/core/src/Http/Middleware/CheckCsrfToken.php(23): Laminas\Stratigility\Next->handle(Object(Laminas\Diactoros\ServerRequest))
#26 /var/www/vhosts/talkie.vn/httpdocs/vendor/laminas/laminas-stratigility/src/Next.php(61): Flarum\Http\Middleware\CheckCsrfToken->process(Object(Laminas\Diactoros\ServerRequest), Object(Laminas\Stratigility\Next))
#27 /var/www/vhosts/talkie.vn/httpdocs/vendor/flarum/core/src/Http/Middleware/AuthenticateWithHeader.php(55): Laminas\Stratigility\Next->handle(Object(Laminas\Diactoros\ServerRequest))
#28 /var/www/vhosts/talkie.vn/httpdocs/vendor/laminas/laminas-stratigility/src/Next.php(61): Flarum\Http\Middleware\AuthenticateWithHeader->process(Object(Laminas\Diactoros\ServerRequest), Object(Laminas\Stratigility\Next))
#29 /var/www/vhosts/talkie.vn/httpdocs/vendor/flarum/core/src/Http/Middleware/AuthenticateWithSession.php(32): Laminas\Stratigility\Next->handle(Object(Laminas\Diactoros\ServerRequest))
#30 /var/www/vhosts/talkie.vn/httpdocs/vendor/laminas/laminas-stratigility/src/Next.php(61): Flarum\Http\Middleware\AuthenticateWithSession->process(Object(Laminas\Diactoros\ServerRequest), Object(Laminas\Stratigility\Next))
#31 /var/www/vhosts/talkie.vn/httpdocs/vendor/flarum/core/src/Http/Middleware/RememberFromCookie.php(51): Laminas\Stratigility\Next->handle(Object(Laminas\Diactoros\ServerRequest))
#32 /var/www/vhosts/talkie.vn/httpdocs/vendor/laminas/laminas-stratigility/src/Next.php(61): Flarum\Http\Middleware\RememberFromCookie->process(Object(Laminas\Diactoros\ServerRequest), Object(Laminas\Stratigility\Next))
#33 /var/www/vhosts/talkie.vn/httpdocs/vendor/flarum/core/src/Http/Middleware/StartSession.php(61): Laminas\Stratigility\Next->handle(Object(Laminas\Diactoros\ServerRequest))
#34 /var/www/vhosts/talkie.vn/httpdocs/vendor/laminas/laminas-stratigility/src/Next.php(61): Flarum\Http\Middleware\StartSession->process(Object(Laminas\Diactoros\ServerRequest), Object(Laminas\Stratigility\Next))
#35 /var/www/vhosts/talkie.vn/httpdocs/vendor/flarum/core/src/Api/Middleware/FakeHttpMethods.php(29): Laminas\Stratigility\Next->handle(Object(Laminas\Diactoros\ServerRequest))
#36 /var/www/vhosts/talkie.vn/httpdocs/vendor/laminas/laminas-stratigility/src/Next.php(61): Flarum\Api\Middleware\FakeHttpMethods->process(Object(Laminas\Diactoros\ServerRequest), Object(Laminas\Stratigility\Next))
#37 /var/www/vhosts/talkie.vn/httpdocs/vendor/flarum/core/src/Http/Middleware/ParseJsonBody.php(28): Laminas\Stratigility\Next->handle(Object(Laminas\Diactoros\ServerRequest))
#38 /var/www/vhosts/talkie.vn/httpdocs/vendor/laminas/laminas-stratigility/src/Next.php(61): Flarum\Http\Middleware\ParseJsonBody->process(Object(Laminas\Diactoros\ServerRequest), Object(Laminas\Stratigility\Next))
#39 /var/www/vhosts/talkie.vn/httpdocs/vendor/flarum/core/src/Http/Middleware/HandleErrors.php(57): Laminas\Stratigility\Next->handle(Object(Laminas\Diactoros\ServerRequest))
#40 /var/www/vhosts/talkie.vn/httpdocs/vendor/laminas/laminas-stratigility/src/Next.php(61): Flarum\Http\Middleware\HandleErrors->process(Object(Laminas\Diactoros\ServerRequest), Object(Laminas\Stratigility\Next))
#41 /var/www/vhosts/talkie.vn/httpdocs/vendor/laminas/laminas-stratigility/src/MiddlewarePipe.php(84): Laminas\Stratigility\Next->handle(Object(Laminas\Diactoros\ServerRequest))
#42 /var/www/vhosts/talkie.vn/httpdocs/vendor/middlewares/request-handler/src/RequestHandler.php(84): Laminas\Stratigility\MiddlewarePipe->process(Object(Laminas\Diactoros\ServerRequest), Object(Laminas\Stratigility\Next))
#43 /var/www/vhosts/talkie.vn/httpdocs/vendor/laminas/laminas-stratigility/src/Next.php(61): Middlewares\RequestHandler->process(Object(Laminas\Diactoros\ServerRequest), Object(Laminas\Stratigility\Next))
#44 /var/www/vhosts/talkie.vn/httpdocs/vendor/middlewares/base-path-router/src/BasePathRouter.php(97): Laminas\Stratigility\Next->handle(Object(Laminas\Diactoros\ServerRequest))
#45 /var/www/vhosts/talkie.vn/httpdocs/vendor/laminas/laminas-stratigility/src/Next.php(61): Middlewares\BasePathRouter->process(Object(Laminas\Diactoros\ServerRequest), Object(Laminas\Stratigility\Next))
#46 /var/www/vhosts/talkie.vn/httpdocs/vendor/laminas/laminas-stratigility/src/Middleware/OriginalMessages.php(42): Laminas\Stratigility\Next->handle(Object(Laminas\Diactoros\ServerRequest))
#47 /var/www/vhosts/talkie.vn/httpdocs/vendor/laminas/laminas-stratigility/src/Next.php(61): Laminas\Stratigility\Middleware\OriginalMessages->process(Object(Laminas\Diactoros\ServerRequest), Object(Laminas\Stratigility\Next))
#48 /var/www/vhosts/talkie.vn/httpdocs/vendor/middlewares/base-path/src/BasePath.php(53): Laminas\Stratigility\Next->handle(Object(Laminas\Diactoros\ServerRequest))
#49 /var/www/vhosts/talkie.vn/httpdocs/vendor/laminas/laminas-stratigility/src/Next.php(61): Middlewares\BasePath->process(Object(Laminas\Diactoros\ServerRequest), Object(Laminas\Stratigility\Next))
#50 /var/www/vhosts/talkie.vn/httpdocs/vendor/laminas/laminas-stratigility/src/MiddlewarePipe.php(84): Laminas\Stratigility\Next->handle(Object(Laminas\Diactoros\ServerRequest))
#51 /var/www/vhosts/talkie.vn/httpdocs/vendor/laminas/laminas-stratigility/src/MiddlewarePipe.php(73): Laminas\Stratigility\MiddlewarePipe->process(Object(Laminas\Diactoros\ServerRequest), Object(Laminas\Stratigility\EmptyPipelineHandler))
#52 /var/www/vhosts/talkie.vn/httpdocs/vendor/laminas/laminas-httphandlerrunner/src/RequestHandlerRunner.php(96): Laminas\Stratigility\MiddlewarePipe->handle(Object(Laminas\Diactoros\ServerRequest))
#53 /var/www/vhosts/talkie.vn/httpdocs/vendor/flarum/core/src/Http/Server.php(42): Laminas\HttpHandlerRunner\RequestHandlerRunner->run()
#54 /var/www/vhosts/talkie.vn/httpdocs/public/index.php(26): Flarum\Http\Server->listen()
#55 {main}  
[2020-03-20 20:12:30] production.ERROR: GuzzleHttp\Exception\ClientException: Client error: `GET https://www.googleapis.com/webfonts/v1/webfonts?key=%20AIzaSyCStpGBrKqDFne_aCzvWgPDbkjcYslyL8o%20&sort=popularity` resulted in a `400 Bad Request` response:
{
 "error": {
  "errors": [
   {
    "domain": "usageLimits",
    "reason": "keyInvalid",
    "message": "Bad Request"
  (truncated...)
 in /var/www/vhosts/talkie.vn/httpdocs/vendor/guzzlehttp/guzzle/src/Exception/RequestException.php:113
Stack trace:
#0 /var/www/vhosts/talkie.vn/httpdocs/vendor/guzzlehttp/guzzle/src/Middleware.php(65): GuzzleHttp\Exception\RequestException::create(Object(GuzzleHttp\Psr7\Request), Object(GuzzleHttp\Psr7\Response))
#1 /var/www/vhosts/talkie.vn/httpdocs/vendor/guzzlehttp/promises/src/Promise.php(203): GuzzleHttp\Middleware::GuzzleHttp\{closure}(Object(GuzzleHttp\Psr7\Response))
#2 /var/www/vhosts/talkie.vn/httpdocs/vendor/guzzlehttp/promises/src/Promise.php(156): GuzzleHttp\Promise\Promise::callHandler(1, Object(GuzzleHttp\Psr7\Response), Array)
#3 /var/www/vhosts/talkie.vn/httpdocs/vendor/guzzlehttp/promises/src/TaskQueue.php(47): GuzzleHttp\Promise\Promise::GuzzleHttp\Promise\{closure}()
#4 /var/www/vhosts/talkie.vn/httpdocs/vendor/guzzlehttp/promises/src/Promise.php(246): GuzzleHttp\Promise\TaskQueue->run(true)
#5 /var/www/vhosts/talkie.vn/httpdocs/vendor/guzzlehttp/promises/src/Promise.php(223): GuzzleHttp\Promise\Promise->invokeWaitFn()
#6 /var/www/vhosts/talkie.vn/httpdocs/vendor/guzzlehttp/promises/src/Promise.php(267): GuzzleHttp\Promise\Promise->waitIfPending()
#7 /var/www/vhosts/talkie.vn/httpdocs/vendor/guzzlehttp/promises/src/Promise.php(225): GuzzleHttp\Promise\Promise->invokeWaitList()
#8 /var/www/vhosts/talkie.vn/httpdocs/vendor/guzzlehttp/promises/src/Promise.php(62): GuzzleHttp\Promise\Promise->waitIfPending()
#9 /var/www/vhosts/talkie.vn/httpdocs/vendor/guzzlehttp/guzzle/src/Client.php(183): GuzzleHttp\Promise\Promise->wait()
#10 /var/www/vhosts/talkie.vn/httpdocs/vendor/guzzlehttp/guzzle/src/Client.php(96): GuzzleHttp\Client->request('get', 'https://www.goo...', Array)
#11 /var/www/vhosts/talkie.vn/httpdocs/vendor/flagrow/fonts/src/Search/GoogleFontsApi.php(78): GuzzleHttp\Client->__call('get', Array)
#12 /var/www/vhosts/talkie.vn/httpdocs/vendor/flagrow/fonts/src/Repositories/FontRepository.php(39): Flagrow\Fonts\Search\GoogleFontsApi->get(Array)
#13 /var/www/vhosts/talkie.vn/httpdocs/vendor/flagrow/fonts/src/Repositories/FontRepository.php(81): Flagrow\Fonts\Repositories\FontRepository->fetchFonts(Array)
#14 /var/www/vhosts/talkie.vn/httpdocs/vendor/flagrow/fonts/src/Api/Controllers/ListFontController.php(52): Flagrow\Fonts\Repositories\FontRepository->index(Array)
#15 /var/www/vhosts/talkie.vn/httpdocs/vendor/flarum/core/src/Api/Controller/AbstractSerializeController.php(96): Flagrow\Fonts\Api\Controllers\ListFontController->data(Object(Laminas\Diactoros\ServerRequest), Object(Tobscure\JsonApi\Document))
#16 /var/www/vhosts/talkie.vn/httpdocs/vendor/flarum/core/src/Http/RouteHandlerFactory.php(38): Flarum\Api\Controller\AbstractSerializeController->handle(Object(Laminas\Diactoros\ServerRequest))
#17 /var/www/vhosts/talkie.vn/httpdocs/vendor/flarum/core/src/Http/Middleware/DispatchRoute.php(65): Flarum\Http\RouteHandlerFactory->Flarum\Http\{closure}(Object(Laminas\Diactoros\ServerRequest), Array)
#18 /var/www/vhosts/talkie.vn/httpdocs/vendor/laminas/laminas-stratigility/src/Next.php(61): Flarum\Http\Middleware\DispatchRoute->process(Object(Laminas\Diactoros\ServerRequest), Object(Closure))
#19 /var/www/vhosts/talkie.vn/httpdocs/vendor/fof/stopforumspam/src/Middleware/RegisterMiddleware.php(94): Laminas\Stratigility\Next->handle(Object(Laminas\Diactoros\ServerRequest))
#20 /var/www/vhosts/talkie.vn/httpdocs/vendor/laminas/laminas-stratigility/src/Next.php(61): FoF\StopForumSpam\Middleware\RegisterMiddleware->process(Object(Laminas\Diactoros\ServerRequest), Object(Laminas\Stratigility\Next))
#21 /var/www/vhosts/talkie.vn/httpdocs/vendor/fof/secure-https/src/Middlewares/ContentSecurityPolicyMiddleware.php(21): Laminas\Stratigility\Next->handle(Object(Laminas\Diactoros\ServerRequest))
#22 /var/www/vhosts/talkie.vn/httpdocs/vendor/laminas/laminas-stratigility/src/Next.php(61): FoF\SecureHttps\Middlewares\ContentSecurityPolicyMiddleware->process(Object(Laminas\Diactoros\ServerRequest), Object(Laminas\Stratigility\Next))
#23 /var/www/vhosts/talkie.vn/httpdocs/vendor/flarum/core/src/Http/Middleware/SetLocale.php(50): Laminas\Stratigility\Next->handle(Object(Laminas\Diactoros\ServerRequest))
#24 /var/www/vhosts/talkie.vn/httpdocs/vendor/laminas/laminas-stratigility/src/Next.php(61): Flarum\Http\Middleware\SetLocale->process(Object(Laminas\Diactoros\ServerRequest), Object(Laminas\Stratigility\Next))
#25 /var/www/vhosts/talkie.vn/httpdocs/vendor/flarum/core/src/Http/Middleware/CheckCsrfToken.php(23): Laminas\Stratigility\Next->handle(Object(Laminas\Diactoros\ServerRequest))
#26 /var/www/vhosts/talkie.vn/httpdocs/vendor/laminas/laminas-stratigility/src/Next.php(61): Flarum\Http\Middleware\CheckCsrfToken->process(Object(Laminas\Diactoros\ServerRequest), Object(Laminas\Stratigility\Next))
#27 /var/www/vhosts/talkie.vn/httpdocs/vendor/flarum/core/src/Http/Middleware/AuthenticateWithHeader.php(55): Laminas\Stratigility\Next->handle(Object(Laminas\Diactoros\ServerRequest))
#28 /var/www/vhosts/talkie.vn/httpdocs/vendor/laminas/laminas-stratigility/src/Next.php(61): Flarum\Http\Middleware\AuthenticateWithHeader->process(Object(Laminas\Diactoros\ServerRequest), Object(Laminas\Stratigility\Next))
#29 /var/www/vhosts/talkie.vn/httpdocs/vendor/flarum/core/src/Http/Middleware/AuthenticateWithSession.php(32): Laminas\Stratigility\Next->handle(Object(Laminas\Diactoros\ServerRequest))
#30 /var/www/vhosts/talkie.vn/httpdocs/vendor/laminas/laminas-stratigility/src/Next.php(61): Flarum\Http\Middleware\AuthenticateWithSession->process(Object(Laminas\Diactoros\ServerRequest), Object(Laminas\Stratigility\Next))
#31 /var/www/vhosts/talkie.vn/httpdocs/vendor/flarum/core/src/Http/Middleware/RememberFromCookie.php(51): Laminas\Stratigility\Next->handle(Object(Laminas\Diactoros\ServerRequest))
#32 /var/www/vhosts/talkie.vn/httpdocs/vendor/laminas/laminas-stratigility/src/Next.php(61): Flarum\Http\Middleware\RememberFromCookie->process(Object(Laminas\Diactoros\ServerRequest), Object(Laminas\Stratigility\Next))
#33 /var/www/vhosts/talkie.vn/httpdocs/vendor/flarum/core/src/Http/Middleware/StartSession.php(61): Laminas\Stratigility\Next->handle(Object(Laminas\Diactoros\ServerRequest))
#34 /var/www/vhosts/talkie.vn/httpdocs/vendor/laminas/laminas-stratigility/src/Next.php(61): Flarum\Http\Middleware\StartSession->process(Object(Laminas\Diactoros\ServerRequest), Object(Laminas\Stratigility\Next))
#35 /var/www/vhosts/talkie.vn/httpdocs/vendor/flarum/core/src/Api/Middleware/FakeHttpMethods.php(29): Laminas\Stratigility\Next->handle(Object(Laminas\Diactoros\ServerRequest))
#36 /var/www/vhosts/talkie.vn/httpdocs/vendor/laminas/laminas-stratigility/src/Next.php(61): Flarum\Api\Middleware\FakeHttpMethods->process(Object(Laminas\Diactoros\ServerRequest), Object(Laminas\Stratigility\Next))
#37 /var/www/vhosts/talkie.vn/httpdocs/vendor/flarum/core/src/Http/Middleware/ParseJsonBody.php(28): Laminas\Stratigility\Next->handle(Object(Laminas\Diactoros\ServerRequest))
#38 /var/www/vhosts/talkie.vn/httpdocs/vendor/laminas/laminas-stratigility/src/Next.php(61): Flarum\Http\Middleware\ParseJsonBody->process(Object(Laminas\Diactoros\ServerRequest), Object(Laminas\Stratigility\Next))
#39 /var/www/vhosts/talkie.vn/httpdocs/vendor/flarum/core/src/Http/Middleware/HandleErrors.php(57): Laminas\Stratigility\Next->handle(Object(Laminas\Diactoros\ServerRequest))
#40 /var/www/vhosts/talkie.vn/httpdocs/vendor/laminas/laminas-stratigility/src/Next.php(61): Flarum\Http\Middleware\HandleErrors->process(Object(Laminas\Diactoros\ServerRequest), Object(Laminas\Stratigility\Next))
#41 /var/www/vhosts/talkie.vn/httpdocs/vendor/laminas/laminas-stratigility/src/MiddlewarePipe.php(84): Laminas\Stratigility\Next->handle(Object(Laminas\Diactoros\ServerRequest))
#42 /var/www/vhosts/talkie.vn/httpdocs/vendor/middlewares/request-handler/src/RequestHandler.php(84): Laminas\Stratigility\MiddlewarePipe->process(Object(Laminas\Diactoros\ServerRequest), Object(Laminas\Stratigility\Next))
#43 /var/www/vhosts/talkie.vn/httpdocs/vendor/laminas/laminas-stratigility/src/Next.php(61): Middlewares\RequestHandler->process(Object(Laminas\Diactoros\ServerRequest), Object(Laminas\Stratigility\Next))
#44 /var/www/vhosts/talkie.vn/httpdocs/vendor/middlewares/base-path-router/src/BasePathRouter.php(97): Laminas\Stratigility\Next->handle(Object(Laminas\Diactoros\ServerRequest))
#45 /var/www/vhosts/talkie.vn/httpdocs/vendor/laminas/laminas-stratigility/src/Next.php(61): Middlewares\BasePathRouter->process(Object(Laminas\Diactoros\ServerRequest), Object(Laminas\Stratigility\Next))
#46 /var/www/vhosts/talkie.vn/httpdocs/vendor/laminas/laminas-stratigility/src/Middleware/OriginalMessages.php(42): Laminas\Stratigility\Next->handle(Object(Laminas\Diactoros\ServerRequest))
#47 /var/www/vhosts/talkie.vn/httpdocs/vendor/laminas/laminas-stratigility/src/Next.php(61): Laminas\Stratigility\Middleware\OriginalMessages->process(Object(Laminas\Diactoros\ServerRequest), Object(Laminas\Stratigility\Next))
#48 /var/www/vhosts/talkie.vn/httpdocs/vendor/middlewares/base-path/src/BasePath.php(53): Laminas\Stratigility\Next->handle(Object(Laminas\Diactoros\ServerRequest))
#49 /var/www/vhosts/talkie.vn/httpdocs/vendor/laminas/laminas-stratigility/src/Next.php(61): Middlewares\BasePath->process(Object(Laminas\Diactoros\ServerRequest), Object(Laminas\Stratigility\Next))
#50 /var/www/vhosts/talkie.vn/httpdocs/vendor/laminas/laminas-stratigility/src/MiddlewarePipe.php(84): Laminas\Stratigility\Next->handle(Object(Laminas\Diactoros\ServerRequest))
#51 /var/www/vhosts/talkie.vn/httpdocs/vendor/laminas/laminas-stratigility/src/MiddlewarePipe.php(73): Laminas\Stratigility\MiddlewarePipe->process(Object(Laminas\Diactoros\ServerRequest), Object(Laminas\Stratigility\EmptyPipelineHandler))
#52 /var/www/vhosts/talkie.vn/httpdocs/vendor/laminas/laminas-httphandlerrunner/src/RequestHandlerRunner.php(96): Laminas\Stratigility\MiddlewarePipe->handle(Object(Laminas\Diactoros\ServerRequest))
#53 /var/www/vhosts/talkie.vn/httpdocs/vendor/flarum/core/src/Http/Server.php(42): Laminas\HttpHandlerRunner\RequestHandlerRunner->run()
#54 /var/www/vhosts/talkie.vn/httpdocs/public/index.php(26): Flarum\Http\Server->listen()
#55 {main}  
[2020-03-20 20:12:51] production.ERROR: GuzzleHttp\Exception\ClientException: Client error: `GET https://www.googleapis.com/webfonts/v1/webfonts?key=%20AIzaSyCStpGBrKqDFne_aCzvWgPDbkjcYslyL8o%20&sort=popularity` resulted in a `400 Bad Request` response:
{
 "error": {
  "errors": [
   {
    "domain": "usageLimits",
    "reason": "keyInvalid",
    "message": "Bad Request"
  (truncated...)
 in /var/www/vhosts/talkie.vn/httpdocs/vendor/guzzlehttp/guzzle/src/Exception/RequestException.php:113
Stack trace:
#0 /var/www/vhosts/talkie.vn/httpdocs/vendor/guzzlehttp/guzzle/src/Middleware.php(65): GuzzleHttp\Exception\RequestException::create(Object(GuzzleHttp\Psr7\Request), Object(GuzzleHttp\Psr7\Response))
#1 /var/www/vhosts/talkie.vn/httpdocs/vendor/guzzlehttp/promises/src/Promise.php(203): GuzzleHttp\Middleware::GuzzleHttp\{closure}(Object(GuzzleHttp\Psr7\Response))
#2 /var/www/vhosts/talkie.vn/httpdocs/vendor/guzzlehttp/promises/src/Promise.php(156): GuzzleHttp\Promise\Promise::callHandler(1, Object(GuzzleHttp\Psr7\Response), Array)
#3 /var/www/vhosts/talkie.vn/httpdocs/vendor/guzzlehttp/promises/src/TaskQueue.php(47): GuzzleHttp\Promise\Promise::GuzzleHttp\Promise\{closure}()
#4 /var/www/vhosts/talkie.vn/httpdocs/vendor/guzzlehttp/promises/src/Promise.php(246): GuzzleHttp\Promise\TaskQueue->run(true)
#5 /var/www/vhosts/talkie.vn/httpdocs/vendor/guzzlehttp/promises/src/Promise.php(223): GuzzleHttp\Promise\Promise->invokeWaitFn()
#6 /var/www/vhosts/talkie.vn/httpdocs/vendor/guzzlehttp/promises/src/Promise.php(267): GuzzleHttp\Promise\Promise->waitIfPending()
#7 /var/www/vhosts/talkie.vn/httpdocs/vendor/guzzlehttp/promises/src/Promise.php(225): GuzzleHttp\Promise\Promise->invokeWaitList()
#8 /var/www/vhosts/talkie.vn/httpdocs/vendor/guzzlehttp/promises/src/Promise.php(62): GuzzleHttp\Promise\Promise->waitIfPending()
#9 /var/www/vhosts/talkie.vn/httpdocs/vendor/guzzlehttp/guzzle/src/Client.php(183): GuzzleHttp\Promise\Promise->wait()
#10 /var/www/vhosts/talkie.vn/httpdocs/vendor/guzzlehttp/guzzle/src/Client.php(96): GuzzleHttp\Client->request('get', 'https://www.goo...', Array)
#11 /var/www/vhosts/talkie.vn/httpdocs/vendor/flagrow/fonts/src/Search/GoogleFontsApi.php(78): GuzzleHttp\Client->__call('get', Array)
#12 /var/www/vhosts/talkie.vn/httpdocs/vendor/flagrow/fonts/src/Repositories/FontRepository.php(39): Flagrow\Fonts\Search\GoogleFontsApi->get(Array)
#13 /var/www/vhosts/talkie.vn/httpdocs/vendor/flagrow/fonts/src/Repositories/FontRepository.php(81): Flagrow\Fonts\Repositories\FontRepository->fetchFonts(Array)
#14 /var/www/vhosts/talkie.vn/httpdocs/vendor/flagrow/fonts/src/Api/Controllers/ListFontController.php(52): Flagrow\Fonts\Repositories\FontRepository->index(Array)
#15 /var/www/vhosts/talkie.vn/httpdocs/vendor/flarum/core/src/Api/Controller/AbstractSerializeController.php(96): Flagrow\Fonts\Api\Controllers\ListFontController->data(Object(Laminas\Diactoros\ServerRequest), Object(Tobscure\JsonApi\Document))
#16 /var/www/vhosts/talkie.vn/httpdocs/vendor/flarum/core/src/Http/RouteHandlerFactory.php(38): Flarum\Api\Controller\AbstractSerializeController->handle(Object(Laminas\Diactoros\ServerRequest))
#17 /var/www/vhosts/talkie.vn/httpdocs/vendor/flarum/core/src/Http/Middleware/DispatchRoute.php(65): Flarum\Http\RouteHandlerFactory->Flarum\Http\{closure}(Object(Laminas\Diactoros\ServerRequest), Array)
#18 /var/www/vhosts/talkie.vn/httpdocs/vendor/laminas/laminas-stratigility/src/Next.php(61): Flarum\Http\Middleware\DispatchRoute->process(Object(Laminas\Diactoros\ServerRequest), Object(Closure))
#19 /var/www/vhosts/talkie.vn/httpdocs/vendor/fof/stopforumspam/src/Middleware/RegisterMiddleware.php(94): Laminas\Stratigility\Next->handle(Object(Laminas\Diactoros\ServerRequest))
#20 /var/www/vhosts/talkie.vn/httpdocs/vendor/laminas/laminas-stratigility/src/Next.php(61): FoF\StopForumSpam\Middleware\RegisterMiddleware->process(Object(Laminas\Diactoros\ServerRequest), Object(Laminas\Stratigility\Next))
#21 /var/www/vhosts/talkie.vn/httpdocs/vendor/fof/secure-https/src/Middlewares/ContentSecurityPolicyMiddleware.php(21): Laminas\Stratigility\Next->handle(Object(Laminas\Diactoros\ServerRequest))
#22 /var/www/vhosts/talkie.vn/httpdocs/vendor/laminas/laminas-stratigility/src/Next.php(61): FoF\SecureHttps\Middlewares\ContentSecurityPolicyMiddleware->process(Object(Laminas\Diactoros\ServerRequest), Object(Laminas\Stratigility\Next))
#23 /var/www/vhosts/talkie.vn/httpdocs/vendor/flarum/core/src/Http/Middleware/SetLocale.php(50): Laminas\Stratigility\Next->handle(Object(Laminas\Diactoros\ServerRequest))
#24 /var/www/vhosts/talkie.vn/httpdocs/vendor/laminas/laminas-stratigility/src/Next.php(61): Flarum\Http\Middleware\SetLocale->process(Object(Laminas\Diactoros\ServerRequest), Object(Laminas\Stratigility\Next))
#25 /var/www/vhosts/talkie.vn/httpdocs/vendor/flarum/core/src/Http/Middleware/CheckCsrfToken.php(23): Laminas\Stratigility\Next->handle(Object(Laminas\Diactoros\ServerRequest))
#26 /var/www/vhosts/talkie.vn/httpdocs/vendor/laminas/laminas-stratigility/src/Next.php(61): Flarum\Http\Middleware\CheckCsrfToken->process(Object(Laminas\Diactoros\ServerRequest), Object(Laminas\Stratigility\Next))
#27 /var/www/vhosts/talkie.vn/httpdocs/vendor/flarum/core/src/Http/Middleware/AuthenticateWithHeader.php(55): Laminas\Stratigility\Next->handle(Object(Laminas\Diactoros\ServerRequest))
#28 /var/www/vhosts/talkie.vn/httpdocs/vendor/laminas/laminas-stratigility/src/Next.php(61): Flarum\Http\Middleware\AuthenticateWithHeader->process(Object(Laminas\Diactoros\ServerRequest), Object(Laminas\Stratigility\Next))
#29 /var/www/vhosts/talkie.vn/httpdocs/vendor/flarum/core/src/Http/Middleware/AuthenticateWithSession.php(32): Laminas\Stratigility\Next->handle(Object(Laminas\Diactoros\ServerRequest))
#30 /var/www/vhosts/talkie.vn/httpdocs/vendor/laminas/laminas-stratigility/src/Next.php(61): Flarum\Http\Middleware\AuthenticateWithSession->process(Object(Laminas\Diactoros\ServerRequest), Object(Laminas\Stratigility\Next))
#31 /var/www/vhosts/talkie.vn/httpdocs/vendor/flarum/core/src/Http/Middleware/RememberFromCookie.php(51): Laminas\Stratigility\Next->handle(Object(Laminas\Diactoros\ServerRequest))
#32 /var/www/vhosts/talkie.vn/httpdocs/vendor/laminas/laminas-stratigility/src/Next.php(61): Flarum\Http\Middleware\RememberFromCookie->process(Object(Laminas\Diactoros\ServerRequest), Object(Laminas\Stratigility\Next))
#33 /var/www/vhosts/talkie.vn/httpdocs/vendor/flarum/core/src/Http/Middleware/StartSession.php(61): Laminas\Stratigility\Next->handle(Object(Laminas\Diactoros\ServerRequest))
#34 /var/www/vhosts/talkie.vn/httpdocs/vendor/laminas/laminas-stratigility/src/Next.php(61): Flarum\Http\Middleware\StartSession->process(Object(Laminas\Diactoros\ServerRequest), Object(Laminas\Stratigility\Next))
#35 /var/www/vhosts/talkie.vn/httpdocs/vendor/flarum/core/src/Api/Middleware/FakeHttpMethods.php(29): Laminas\Stratigility\Next->handle(Object(Laminas\Diactoros\ServerRequest))
#36 /var/www/vhosts/talkie.vn/httpdocs/vendor/laminas/laminas-stratigility/src/Next.php(61): Flarum\Api\Middleware\FakeHttpMethods->process(Object(Laminas\Diactoros\ServerRequest), Object(Laminas\Stratigility\Next))
#37 /var/www/vhosts/talkie.vn/httpdocs/vendor/flarum/core/src/Http/Middleware/ParseJsonBody.php(28): Laminas\Stratigility\Next->handle(Object(Laminas\Diactoros\ServerRequest))
#38 /var/www/vhosts/talkie.vn/httpdocs/vendor/laminas/laminas-stratigility/src/Next.php(61): Flarum\Http\Middleware\ParseJsonBody->process(Object(Laminas\Diactoros\ServerRequest), Object(Laminas\Stratigility\Next))
#39 /var/www/vhosts/talkie.vn/httpdocs/vendor/flarum/core/src/Http/Middleware/HandleErrors.php(57): Laminas\Stratigility\Next->handle(Object(Laminas\Diactoros\ServerRequest))
#40 /var/www/vhosts/talkie.vn/httpdocs/vendor/laminas/laminas-stratigility/src/Next.php(61): Flarum\Http\Middleware\HandleErrors->process(Object(Laminas\Diactoros\ServerRequest), Object(Laminas\Stratigility\Next))
#41 /var/www/vhosts/talkie.vn/httpdocs/vendor/laminas/laminas-stratigility/src/MiddlewarePipe.php(84): Laminas\Stratigility\Next->handle(Object(Laminas\Diactoros\ServerRequest))
#42 /var/www/vhosts/talkie.vn/httpdocs/vendor/middlewares/request-handler/src/RequestHandler.php(84): Laminas\Stratigility\MiddlewarePipe->process(Object(Laminas\Diactoros\ServerRequest), Object(Laminas\Stratigility\Next))
#43 /var/www/vhosts/talkie.vn/httpdocs/vendor/laminas/laminas-stratigility/src/Next.php(61): Middlewares\RequestHandler->process(Object(Laminas\Diactoros\ServerRequest), Object(Laminas\Stratigility\Next))
#44 /var/www/vhosts/talkie.vn/httpdocs/vendor/middlewares/base-path-router/src/BasePathRouter.php(97): Laminas\Stratigility\Next->handle(Object(Laminas\Diactoros\ServerRequest))
#45 /var/www/vhosts/talkie.vn/httpdocs/vendor/laminas/laminas-stratigility/src/Next.php(61): Middlewares\BasePathRouter->process(Object(Laminas\Diactoros\ServerRequest), Object(Laminas\Stratigility\Next))
#46 /var/www/vhosts/talkie.vn/httpdocs/vendor/laminas/laminas-stratigility/src/Middleware/OriginalMessages.php(42): Laminas\Stratigility\Next->handle(Object(Laminas\Diactoros\ServerRequest))
#47 /var/www/vhosts/talkie.vn/httpdocs/vendor/laminas/laminas-stratigility/src/Next.php(61): Laminas\Stratigility\Middleware\OriginalMessages->process(Object(Laminas\Diactoros\ServerRequest), Object(Laminas\Stratigility\Next))
#48 /var/www/vhosts/talkie.vn/httpdocs/vendor/middlewares/base-path/src/BasePath.php(53): Laminas\Stratigility\Next->handle(Object(Laminas\Diactoros\ServerRequest))
#49 /var/www/vhosts/talkie.vn/httpdocs/vendor/laminas/laminas-stratigility/src/Next.php(61): Middlewares\BasePath->process(Object(Laminas\Diactoros\ServerRequest), Object(Laminas\Stratigility\Next))
#50 /var/www/vhosts/talkie.vn/httpdocs/vendor/laminas/laminas-stratigility/src/MiddlewarePipe.php(84): Laminas\Stratigility\Next->handle(Object(Laminas\Diactoros\ServerRequest))
#51 /var/www/vhosts/talkie.vn/httpdocs/vendor/laminas/laminas-stratigility/src/MiddlewarePipe.php(73): Laminas\Stratigility\MiddlewarePipe->process(Object(Laminas\Diactoros\ServerRequest), Object(Laminas\Stratigility\EmptyPipelineHandler))
#52 /var/www/vhosts/talkie.vn/httpdocs/vendor/laminas/laminas-httphandlerrunner/src/RequestHandlerRunner.php(96): Laminas\Stratigility\MiddlewarePipe->handle(Object(Laminas\Diactoros\ServerRequest))
#53 /var/www/vhosts/talkie.vn/httpdocs/vendor/flarum/core/src/Http/Server.php(42): Laminas\HttpHandlerRunner\RequestHandlerRunner->run()
#54 /var/www/vhosts/talkie.vn/httpdocs/public/index.php(26): Flarum\Http\Server->listen()
#55 {main}  
[2020-03-20 20:13:05] production.ERROR: GuzzleHttp\Exception\ClientException: Client error: `GET https://www.googleapis.com/webfonts/v1/webfonts?key=%20AIzaSyCStpGBrKqDFne_aCzvWgPDbkjcYslyL8o%20&sort=popularity` resulted in a `400 Bad Request` response:
{
 "error": {
  "errors": [
   {
    "domain": "usageLimits",
    "reason": "keyInvalid",
    "message": "Bad Request"
  (truncated...)
 in /var/www/vhosts/talkie.vn/httpdocs/vendor/guzzlehttp/guzzle/src/Exception/RequestException.php:113
Stack trace:
#0 /var/www/vhosts/talkie.vn/httpdocs/vendor/guzzlehttp/guzzle/src/Middleware.php(65): GuzzleHttp\Exception\RequestException::create(Object(GuzzleHttp\Psr7\Request), Object(GuzzleHttp\Psr7\Response))
#1 /var/www/vhosts/talkie.vn/httpdocs/vendor/guzzlehttp/promises/src/Promise.php(203): GuzzleHttp\Middleware::GuzzleHttp\{closure}(Object(GuzzleHttp\Psr7\Response))
#2 /var/www/vhosts/talkie.vn/httpdocs/vendor/guzzlehttp/promises/src/Promise.php(156): GuzzleHttp\Promise\Promise::callHandler(1, Object(GuzzleHttp\Psr7\Response), Array)
#3 /var/www/vhosts/talkie.vn/httpdocs/vendor/guzzlehttp/promises/src/TaskQueue.php(47): GuzzleHttp\Promise\Promise::GuzzleHttp\Promise\{closure}()
#4 /var/www/vhosts/talkie.vn/httpdocs/vendor/guzzlehttp/promises/src/Promise.php(246): GuzzleHttp\Promise\TaskQueue->run(true)
#5 /var/www/vhosts/talkie.vn/httpdocs/vendor/guzzlehttp/promises/src/Promise.php(223): GuzzleHttp\Promise\Promise->invokeWaitFn()
#6 /var/www/vhosts/talkie.vn/httpdocs/vendor/guzzlehttp/promises/src/Promise.php(267): GuzzleHttp\Promise\Promise->waitIfPending()
#7 /var/www/vhosts/talkie.vn/httpdocs/vendor/guzzlehttp/promises/src/Promise.php(225): GuzzleHttp\Promise\Promise->invokeWaitList()
#8 /var/www/vhosts/talkie.vn/httpdocs/vendor/guzzlehttp/promises/src/Promise.php(62): GuzzleHttp\Promise\Promise->waitIfPending()
#9 /var/www/vhosts/talkie.vn/httpdocs/vendor/guzzlehttp/guzzle/src/Client.php(183): GuzzleHttp\Promise\Promise->wait()
#10 /var/www/vhosts/talkie.vn/httpdocs/vendor/guzzlehttp/guzzle/src/Client.php(96): GuzzleHttp\Client->request('get', 'https://www.goo...', Array)
#11 /var/www/vhosts/talkie.vn/httpdocs/vendor/flagrow/fonts/src/Search/GoogleFontsApi.php(78): GuzzleHttp\Client->__call('get', Array)
#12 /var/www/vhosts/talkie.vn/httpdocs/vendor/flagrow/fonts/src/Repositories/FontRepository.php(39): Flagrow\Fonts\Search\GoogleFontsApi->get(Array)
#13 /var/www/vhosts/talkie.vn/httpdocs/vendor/flagrow/fonts/src/Repositories/FontRepository.php(81): Flagrow\Fonts\Repositories\FontRepository->fetchFonts(Array)
#14 /var/www/vhosts/talkie.vn/httpdocs/vendor/flagrow/fonts/src/Api/Controllers/ListFontController.php(52): Flagrow\Fonts\Repositories\FontRepository->index(Array)
#15 /var/www/vhosts/talkie.vn/httpdocs/vendor/flarum/core/src/Api/Controller/AbstractSerializeController.php(96): Flagrow\Fonts\Api\Controllers\ListFontController->data(Object(Laminas\Diactoros\ServerRequest), Object(Tobscure\JsonApi\Document))
#16 /var/www/vhosts/talkie.vn/httpdocs/vendor/flarum/core/src/Http/RouteHandlerFactory.php(38): Flarum\Api\Controller\AbstractSerializeController->handle(Object(Laminas\Diactoros\ServerRequest))
#17 /var/www/vhosts/talkie.vn/httpdocs/vendor/flarum/core/src/Http/Middleware/DispatchRoute.php(65): Flarum\Http\RouteHandlerFactory->Flarum\Http\{closure}(Object(Laminas\Diactoros\ServerRequest), Array)
#18 /var/www/vhosts/talkie.vn/httpdocs/vendor/laminas/laminas-stratigility/src/Next.php(61): Flarum\Http\Middleware\DispatchRoute->process(Object(Laminas\Diactoros\ServerRequest), Object(Closure))
#19 /var/www/vhosts/talkie.vn/httpdocs/vendor/fof/stopforumspam/src/Middleware/RegisterMiddleware.php(94): Laminas\Stratigility\Next->handle(Object(Laminas\Diactoros\ServerRequest))
#20 /var/www/vhosts/talkie.vn/httpdocs/vendor/laminas/laminas-stratigility/src/Next.php(61): FoF\StopForumSpam\Middleware\RegisterMiddleware->process(Object(Laminas\Diactoros\ServerRequest), Object(Laminas\Stratigility\Next))
#21 /var/www/vhosts/talkie.vn/httpdocs/vendor/fof/secure-https/src/Middlewares/ContentSecurityPolicyMiddleware.php(21): Laminas\Stratigility\Next->handle(Object(Laminas\Diactoros\ServerRequest))
#22 /var/www/vhosts/talkie.vn/httpdocs/vendor/laminas/laminas-stratigility/src/Next.php(61): FoF\SecureHttps\Middlewares\ContentSecurityPolicyMiddleware->process(Object(Laminas\Diactoros\ServerRequest), Object(Laminas\Stratigility\Next))
#23 /var/www/vhosts/talkie.vn/httpdocs/vendor/flarum/core/src/Http/Middleware/SetLocale.php(50): Laminas\Stratigility\Next->handle(Object(Laminas\Diactoros\ServerRequest))
#24 /var/www/vhosts/talkie.vn/httpdocs/vendor/laminas/laminas-stratigility/src/Next.php(61): Flarum\Http\Middleware\SetLocale->process(Object(Laminas\Diactoros\ServerRequest), Object(Laminas\Stratigility\Next))
#25 /var/www/vhosts/talkie.vn/httpdocs/vendor/flarum/core/src/Http/Middleware/CheckCsrfToken.php(23): Laminas\Stratigility\Next->handle(Object(Laminas\Diactoros\ServerRequest))
#26 /var/www/vhosts/talkie.vn/httpdocs/vendor/laminas/laminas-stratigility/src/Next.php(61): Flarum\Http\Middleware\CheckCsrfToken->process(Object(Laminas\Diactoros\ServerRequest), Object(Laminas\Stratigility\Next))
#27 /var/www/vhosts/talkie.vn/httpdocs/vendor/flarum/core/src/Http/Middleware/AuthenticateWithHeader.php(55): Laminas\Stratigility\Next->handle(Object(Laminas\Diactoros\ServerRequest))
#28 /var/www/vhosts/talkie.vn/httpdocs/vendor/laminas/laminas-stratigility/src/Next.php(61): Flarum\Http\Middleware\AuthenticateWithHeader->process(Object(Laminas\Diactoros\ServerRequest), Object(Laminas\Stratigility\Next))
#29 /var/www/vhosts/talkie.vn/httpdocs/vendor/flarum/core/src/Http/Middleware/AuthenticateWithSession.php(32): Laminas\Stratigility\Next->handle(Object(Laminas\Diactoros\ServerRequest))
#30 /var/www/vhosts/talkie.vn/httpdocs/vendor/laminas/laminas-stratigility/src/Next.php(61): Flarum\Http\Middleware\AuthenticateWithSession->process(Object(Laminas\Diactoros\ServerRequest), Object(Laminas\Stratigility\Next))
#31 /var/www/vhosts/talkie.vn/httpdocs/vendor/flarum/core/src/Http/Middleware/RememberFromCookie.php(51): Laminas\Stratigility\Next->handle(Object(Laminas\Diactoros\ServerRequest))
#32 /var/www/vhosts/talkie.vn/httpdocs/vendor/laminas/laminas-stratigility/src/Next.php(61): Flarum\Http\Middleware\RememberFromCookie->process(Object(Laminas\Diactoros\ServerRequest), Object(Laminas\Stratigility\Next))
#33 /var/www/vhosts/talkie.vn/httpdocs/vendor/flarum/core/src/Http/Middleware/StartSession.php(61): Laminas\Stratigility\Next->handle(Object(Laminas\Diactoros\ServerRequest))
#34 /var/www/vhosts/talkie.vn/httpdocs/vendor/laminas/laminas-stratigility/src/Next.php(61): Flarum\Http\Middleware\StartSession->process(Object(Laminas\Diactoros\ServerRequest), Object(Laminas\Stratigility\Next))
#35 /var/www/vhosts/talkie.vn/httpdocs/vendor/flarum/core/src/Api/Middleware/FakeHttpMethods.php(29): Laminas\Stratigility\Next->handle(Object(Laminas\Diactoros\ServerRequest))
#36 /var/www/vhosts/talkie.vn/httpdocs/vendor/laminas/laminas-stratigility/src/Next.php(61): Flarum\Api\Middleware\FakeHttpMethods->process(Object(Laminas\Diactoros\ServerRequest), Object(Laminas\Stratigility\Next))
#37 /var/www/vhosts/talkie.vn/httpdocs/vendor/flarum/core/src/Http/Middleware/ParseJsonBody.php(28): Laminas\Stratigility\Next->handle(Object(Laminas\Diactoros\ServerRequest))
#38 /var/www/vhosts/talkie.vn/httpdocs/vendor/laminas/laminas-stratigility/src/Next.php(61): Flarum\Http\Middleware\ParseJsonBody->process(Object(Laminas\Diactoros\ServerRequest), Object(Laminas\Stratigility\Next))
#39 /var/www/vhosts/talkie.vn/httpdocs/vendor/flarum/core/src/Http/Middleware/HandleErrors.php(57): Laminas\Stratigility\Next->handle(Object(Laminas\Diactoros\ServerRequest))
#40 /var/www/vhosts/talkie.vn/httpdocs/vendor/laminas/laminas-stratigility/src/Next.php(61): Flarum\Http\Middleware\HandleErrors->process(Object(Laminas\Diactoros\ServerRequest), Object(Laminas\Stratigility\Next))
#41 /var/www/vhosts/talkie.vn/httpdocs/vendor/laminas/laminas-stratigility/src/MiddlewarePipe.php(84): Laminas\Stratigility\Next->handle(Object(Laminas\Diactoros\ServerRequest))
#42 /var/www/vhosts/talkie.vn/httpdocs/vendor/middlewares/request-handler/src/RequestHandler.php(84): Laminas\Stratigility\MiddlewarePipe->process(Object(Laminas\Diactoros\ServerRequest), Object(Laminas\Stratigility\Next))
#43 /var/www/vhosts/talkie.vn/httpdocs/vendor/laminas/laminas-stratigility/src/Next.php(61): Middlewares\RequestHandler->process(Object(Laminas\Diactoros\ServerRequest), Object(Laminas\Stratigility\Next))
#44 /var/www/vhosts/talkie.vn/httpdocs/vendor/middlewares/base-path-router/src/BasePathRouter.php(97): Laminas\Stratigility\Next->handle(Object(Laminas\Diactoros\ServerRequest))
#45 /var/www/vhosts/talkie.vn/httpdocs/vendor/laminas/laminas-stratigility/src/Next.php(61): Middlewares\BasePathRouter->process(Object(Laminas\Diactoros\ServerRequest), Object(Laminas\Stratigility\Next))
#46 /var/www/vhosts/talkie.vn/httpdocs/vendor/laminas/laminas-stratigility/src/Middleware/OriginalMessages.php(42): Laminas\Stratigility\Next->handle(Object(Laminas\Diactoros\ServerRequest))
#47 /var/www/vhosts/talkie.vn/httpdocs/vendor/laminas/laminas-stratigility/src/Next.php(61): Laminas\Stratigility\Middleware\OriginalMessages->process(Object(Laminas\Diactoros\ServerRequest), Object(Laminas\Stratigility\Next))
#48 /var/www/vhosts/talkie.vn/httpdocs/vendor/middlewares/base-path/src/BasePath.php(53): Laminas\Stratigility\Next->handle(Object(Laminas\Diactoros\ServerRequest))
#49 /var/www/vhosts/talkie.vn/httpdocs/vendor/laminas/laminas-stratigility/src/Next.php(61): Middlewares\BasePath->process(Object(Laminas\Diactoros\ServerRequest), Object(Laminas\Stratigility\Next))
#50 /var/www/vhosts/talkie.vn/httpdocs/vendor/laminas/laminas-stratigility/src/MiddlewarePipe.php(84): Laminas\Stratigility\Next->handle(Object(Laminas\Diactoros\ServerRequest))
#51 /var/www/vhosts/talkie.vn/httpdocs/vendor/laminas/laminas-stratigility/src/MiddlewarePipe.php(73): Laminas\Stratigility\MiddlewarePipe->process(Object(Laminas\Diactoros\ServerRequest), Object(Laminas\Stratigility\EmptyPipelineHandler))
#52 /var/www/vhosts/talkie.vn/httpdocs/vendor/laminas/laminas-httphandlerrunner/src/RequestHandlerRunner.php(96): Laminas\Stratigility\MiddlewarePipe->handle(Object(Laminas\Diactoros\ServerRequest))
#53 /var/www/vhosts/talkie.vn/httpdocs/vendor/flarum/core/src/Http/Server.php(42): Laminas\HttpHandlerRunner\RequestHandlerRunner->run()
#54 /var/www/vhosts/talkie.vn/httpdocs/public/index.php(26): Flarum\Http\Server->listen()
#55 {main}  
