[2020-06-11 05:05:40] production.ERROR: FoF\Upload\Exceptions\InvalidUploadException: No files were uploaded in /var/www/vhosts/talkie.vn/httpdocs/vendor/fof/upload/src/Api/Controllers/UploadController.php:45
Stack trace:
#0 /var/www/vhosts/talkie.vn/httpdocs/vendor/flarum/core/src/Http/RouteHandlerFactory.php(38): FoF\Upload\Api\Controllers\UploadController->handle(Object(Laminas\Diactoros\ServerRequest))
#1 /var/www/vhosts/talkie.vn/httpdocs/vendor/flarum/core/src/Http/Middleware/DispatchRoute.php(65): Flarum\Http\RouteHandlerFactory->Flarum\Http\{closure}(Object(Laminas\Diactoros\ServerRequest), Array)
#2 /var/www/vhosts/talkie.vn/httpdocs/vendor/laminas/laminas-stratigility/src/Next.php(61): Flarum\Http\Middleware\DispatchRoute->process(Object(Laminas\Diactoros\ServerRequest), Object(Closure))
#3 /var/www/vhosts/talkie.vn/httpdocs/vendor/flarum/core/src/Http/Middleware/SetLocale.php(50): Laminas\Stratigility\Next->handle(Object(Laminas\Diactoros\ServerRequest))
#4 /var/www/vhosts/talkie.vn/httpdocs/vendor/laminas/laminas-stratigility/src/Next.php(61): Flarum\Http\Middleware\SetLocale->process(Object(Laminas\Diactoros\ServerRequest), Object(Laminas\Stratigility\Next))
#5 /var/www/vhosts/talkie.vn/httpdocs/vendor/flarum/core/src/Http/Middleware/CheckCsrfToken.php(45): Laminas\Stratigility\Next->handle(Object(Laminas\Diactoros\ServerRequest))
#6 /var/www/vhosts/talkie.vn/httpdocs/vendor/laminas/laminas-stratigility/src/Next.php(61): Flarum\Http\Middleware\CheckCsrfToken->process(Object(Laminas\Diactoros\ServerRequest), Object(Laminas\Stratigility\Next))
#7 /var/www/vhosts/talkie.vn/httpdocs/vendor/flarum/core/src/Http/Middleware/AuthenticateWithHeader.php(55): Laminas\Stratigility\Next->handle(Object(Laminas\Diactoros\ServerRequest))
#8 /var/www/vhosts/talkie.vn/httpdocs/vendor/laminas/laminas-stratigility/src/Next.php(61): Flarum\Http\Middleware\AuthenticateWithHeader->process(Object(Laminas\Diactoros\ServerRequest), Object(Laminas\Stratigility\Next))
#9 /var/www/vhosts/talkie.vn/httpdocs/vendor/flarum/core/src/Http/Middleware/AuthenticateWithSession.php(32): Laminas\Stratigility\Next->handle(Object(Laminas\Diactoros\ServerRequest))
#10 /var/www/vhosts/talkie.vn/httpdocs/vendor/laminas/laminas-stratigility/src/Next.php(61): Flarum\Http\Middleware\AuthenticateWithSession->process(Object(Laminas\Diactoros\ServerRequest), Object(Laminas\Stratigility\Next))
#11 /var/www/vhosts/talkie.vn/httpdocs/vendor/flarum/core/src/Http/Middleware/RememberFromCookie.php(51): Laminas\Stratigility\Next->handle(Object(Laminas\Diactoros\ServerRequest))
#12 /var/www/vhosts/talkie.vn/httpdocs/vendor/laminas/laminas-stratigility/src/Next.php(61): Flarum\Http\Middleware\RememberFromCookie->process(Object(Laminas\Diactoros\ServerRequest), Object(Laminas\Stratigility\Next))
#13 /var/www/vhosts/talkie.vn/httpdocs/vendor/flarum/core/src/Http/Middleware/StartSession.php(61): Laminas\Stratigility\Next->handle(Object(Laminas\Diactoros\ServerRequest))
#14 /var/www/vhosts/talkie.vn/httpdocs/vendor/laminas/laminas-stratigility/src/Next.php(61): Flarum\Http\Middleware\StartSession->process(Object(Laminas\Diactoros\ServerRequest), Object(Laminas\Stratigility\Next))
#15 /var/www/vhosts/talkie.vn/httpdocs/vendor/flarum/core/src/Api/Middleware/FakeHttpMethods.php(29): Laminas\Stratigility\Next->handle(Object(Laminas\Diactoros\ServerRequest))
#16 /var/www/vhosts/talkie.vn/httpdocs/vendor/laminas/laminas-stratigility/src/Next.php(61): Flarum\Api\Middleware\FakeHttpMethods->process(Object(Laminas\Diactoros\ServerRequest), Object(Laminas\Stratigility\Next))
#17 /var/www/vhosts/talkie.vn/httpdocs/vendor/flarum/core/src/Http/Middleware/ParseJsonBody.php(28): Laminas\Stratigility\Next->handle(Object(Laminas\Diactoros\ServerRequest))
#18 /var/www/vhosts/talkie.vn/httpdocs/vendor/laminas/laminas-stratigility/src/Next.php(61): Flarum\Http\Middleware\ParseJsonBody->process(Object(Laminas\Diactoros\ServerRequest), Object(Laminas\Stratigility\Next))
#19 /var/www/vhosts/talkie.vn/httpdocs/vendor/flarum/core/src/Http/Middleware/HandleErrors.php(57): Laminas\Stratigility\Next->handle(Object(Laminas\Diactoros\ServerRequest))
#20 /var/www/vhosts/talkie.vn/httpdocs/vendor/laminas/laminas-stratigility/src/Next.php(61): Flarum\Http\Middleware\HandleErrors->process(Object(Laminas\Diactoros\ServerRequest), Object(Laminas\Stratigility\Next))
#21 /var/www/vhosts/talkie.vn/httpdocs/vendor/laminas/laminas-stratigility/src/MiddlewarePipe.php(84): Laminas\Stratigility\Next->handle(Object(Laminas\Diactoros\ServerRequest))
#22 /var/www/vhosts/talkie.vn/httpdocs/vendor/middlewares/request-handler/src/RequestHandler.php(84): Laminas\Stratigility\MiddlewarePipe->process(Object(Laminas\Diactoros\ServerRequest), Object(Laminas\Stratigility\Next))
#23 /var/www/vhosts/talkie.vn/httpdocs/vendor/laminas/laminas-stratigility/src/Next.php(61): Middlewares\RequestHandler->process(Object(Laminas\Diactoros\ServerRequest), Object(Laminas\Stratigility\Next))
#24 /var/www/vhosts/talkie.vn/httpdocs/vendor/middlewares/base-path-router/src/BasePathRouter.php(97): Laminas\Stratigility\Next->handle(Object(Laminas\Diactoros\ServerRequest))
#25 /var/www/vhosts/talkie.vn/httpdocs/vendor/laminas/laminas-stratigility/src/Next.php(61): Middlewares\BasePathRouter->process(Object(Laminas\Diactoros\ServerRequest), Object(Laminas\Stratigility\Next))
#26 /var/www/vhosts/talkie.vn/httpdocs/vendor/laminas/laminas-stratigility/src/Middleware/OriginalMessages.php(42): Laminas\Stratigility\Next->handle(Object(Laminas\Diactoros\ServerRequest))
#27 /var/www/vhosts/talkie.vn/httpdocs/vendor/laminas/laminas-stratigility/src/Next.php(61): Laminas\Stratigility\Middleware\OriginalMessages->process(Object(Laminas\Diactoros\ServerRequest), Object(Laminas\Stratigility\Next))
#28 /var/www/vhosts/talkie.vn/httpdocs/vendor/middlewares/base-path/src/BasePath.php(53): Laminas\Stratigility\Next->handle(Object(Laminas\Diactoros\ServerRequest))
#29 /var/www/vhosts/talkie.vn/httpdocs/vendor/laminas/laminas-stratigility/src/Next.php(61): Middlewares\BasePath->process(Object(Laminas\Diactoros\ServerRequest), Object(Laminas\Stratigility\Next))
#30 /var/www/vhosts/talkie.vn/httpdocs/vendor/laminas/laminas-stratigility/src/MiddlewarePipe.php(84): Laminas\Stratigility\Next->handle(Object(Laminas\Diactoros\ServerRequest))
#31 /var/www/vhosts/talkie.vn/httpdocs/vendor/laminas/laminas-stratigility/src/MiddlewarePipe.php(73): Laminas\Stratigility\MiddlewarePipe->process(Object(Laminas\Diactoros\ServerRequest), Object(Laminas\Stratigility\EmptyPipelineHandler))
#32 /var/www/vhosts/talkie.vn/httpdocs/vendor/laminas/laminas-httphandlerrunner/src/RequestHandlerRunner.php(96): Laminas\Stratigility\MiddlewarePipe->handle(Object(Laminas\Diactoros\ServerRequest))
#33 /var/www/vhosts/talkie.vn/httpdocs/vendor/flarum/core/src/Http/Server.php(42): Laminas\HttpHandlerRunner\RequestHandlerRunner->run()
#34 /var/www/vhosts/talkie.vn/httpdocs/public/index.php(26): Flarum\Http\Server->listen()
#35 {main}  
[2020-06-11 05:06:11] production.ERROR: FoF\Upload\Exceptions\InvalidUploadException: No files were uploaded in /var/www/vhosts/talkie.vn/httpdocs/vendor/fof/upload/src/Api/Controllers/UploadController.php:45
Stack trace:
#0 /var/www/vhosts/talkie.vn/httpdocs/vendor/flarum/core/src/Http/RouteHandlerFactory.php(38): FoF\Upload\Api\Controllers\UploadController->handle(Object(Laminas\Diactoros\ServerRequest))
#1 /var/www/vhosts/talkie.vn/httpdocs/vendor/flarum/core/src/Http/Middleware/DispatchRoute.php(65): Flarum\Http\RouteHandlerFactory->Flarum\Http\{closure}(Object(Laminas\Diactoros\ServerRequest), Array)
#2 /var/www/vhosts/talkie.vn/httpdocs/vendor/laminas/laminas-stratigility/src/Next.php(61): Flarum\Http\Middleware\DispatchRoute->process(Object(Laminas\Diactoros\ServerRequest), Object(Closure))
#3 /var/www/vhosts/talkie.vn/httpdocs/vendor/flarum/core/src/Http/Middleware/SetLocale.php(50): Laminas\Stratigility\Next->handle(Object(Laminas\Diactoros\ServerRequest))
#4 /var/www/vhosts/talkie.vn/httpdocs/vendor/laminas/laminas-stratigility/src/Next.php(61): Flarum\Http\Middleware\SetLocale->process(Object(Laminas\Diactoros\ServerRequest), Object(Laminas\Stratigility\Next))
#5 /var/www/vhosts/talkie.vn/httpdocs/vendor/flarum/core/src/Http/Middleware/CheckCsrfToken.php(45): Laminas\Stratigility\Next->handle(Object(Laminas\Diactoros\ServerRequest))
#6 /var/www/vhosts/talkie.vn/httpdocs/vendor/laminas/laminas-stratigility/src/Next.php(61): Flarum\Http\Middleware\CheckCsrfToken->process(Object(Laminas\Diactoros\ServerRequest), Object(Laminas\Stratigility\Next))
#7 /var/www/vhosts/talkie.vn/httpdocs/vendor/flarum/core/src/Http/Middleware/AuthenticateWithHeader.php(55): Laminas\Stratigility\Next->handle(Object(Laminas\Diactoros\ServerRequest))
#8 /var/www/vhosts/talkie.vn/httpdocs/vendor/laminas/laminas-stratigility/src/Next.php(61): Flarum\Http\Middleware\AuthenticateWithHeader->process(Object(Laminas\Diactoros\ServerRequest), Object(Laminas\Stratigility\Next))
#9 /var/www/vhosts/talkie.vn/httpdocs/vendor/flarum/core/src/Http/Middleware/AuthenticateWithSession.php(32): Laminas\Stratigility\Next->handle(Object(Laminas\Diactoros\ServerRequest))
#10 /var/www/vhosts/talkie.vn/httpdocs/vendor/laminas/laminas-stratigility/src/Next.php(61): Flarum\Http\Middleware\AuthenticateWithSession->process(Object(Laminas\Diactoros\ServerRequest), Object(Laminas\Stratigility\Next))
#11 /var/www/vhosts/talkie.vn/httpdocs/vendor/flarum/core/src/Http/Middleware/RememberFromCookie.php(51): Laminas\Stratigility\Next->handle(Object(Laminas\Diactoros\ServerRequest))
#12 /var/www/vhosts/talkie.vn/httpdocs/vendor/laminas/laminas-stratigility/src/Next.php(61): Flarum\Http\Middleware\RememberFromCookie->process(Object(Laminas\Diactoros\ServerRequest), Object(Laminas\Stratigility\Next))
#13 /var/www/vhosts/talkie.vn/httpdocs/vendor/flarum/core/src/Http/Middleware/StartSession.php(61): Laminas\Stratigility\Next->handle(Object(Laminas\Diactoros\ServerRequest))
#14 /var/www/vhosts/talkie.vn/httpdocs/vendor/laminas/laminas-stratigility/src/Next.php(61): Flarum\Http\Middleware\StartSession->process(Object(Laminas\Diactoros\ServerRequest), Object(Laminas\Stratigility\Next))
#15 /var/www/vhosts/talkie.vn/httpdocs/vendor/flarum/core/src/Api/Middleware/FakeHttpMethods.php(29): Laminas\Stratigility\Next->handle(Object(Laminas\Diactoros\ServerRequest))
#16 /var/www/vhosts/talkie.vn/httpdocs/vendor/laminas/laminas-stratigility/src/Next.php(61): Flarum\Api\Middleware\FakeHttpMethods->process(Object(Laminas\Diactoros\ServerRequest), Object(Laminas\Stratigility\Next))
#17 /var/www/vhosts/talkie.vn/httpdocs/vendor/flarum/core/src/Http/Middleware/ParseJsonBody.php(28): Laminas\Stratigility\Next->handle(Object(Laminas\Diactoros\ServerRequest))
#18 /var/www/vhosts/talkie.vn/httpdocs/vendor/laminas/laminas-stratigility/src/Next.php(61): Flarum\Http\Middleware\ParseJsonBody->process(Object(Laminas\Diactoros\ServerRequest), Object(Laminas\Stratigility\Next))
#19 /var/www/vhosts/talkie.vn/httpdocs/vendor/flarum/core/src/Http/Middleware/HandleErrors.php(57): Laminas\Stratigility\Next->handle(Object(Laminas\Diactoros\ServerRequest))
#20 /var/www/vhosts/talkie.vn/httpdocs/vendor/laminas/laminas-stratigility/src/Next.php(61): Flarum\Http\Middleware\HandleErrors->process(Object(Laminas\Diactoros\ServerRequest), Object(Laminas\Stratigility\Next))
#21 /var/www/vhosts/talkie.vn/httpdocs/vendor/laminas/laminas-stratigility/src/MiddlewarePipe.php(84): Laminas\Stratigility\Next->handle(Object(Laminas\Diactoros\ServerRequest))
#22 /var/www/vhosts/talkie.vn/httpdocs/vendor/middlewares/request-handler/src/RequestHandler.php(84): Laminas\Stratigility\MiddlewarePipe->process(Object(Laminas\Diactoros\ServerRequest), Object(Laminas\Stratigility\Next))
#23 /var/www/vhosts/talkie.vn/httpdocs/vendor/laminas/laminas-stratigility/src/Next.php(61): Middlewares\RequestHandler->process(Object(Laminas\Diactoros\ServerRequest), Object(Laminas\Stratigility\Next))
#24 /var/www/vhosts/talkie.vn/httpdocs/vendor/middlewares/base-path-router/src/BasePathRouter.php(97): Laminas\Stratigility\Next->handle(Object(Laminas\Diactoros\ServerRequest))
#25 /var/www/vhosts/talkie.vn/httpdocs/vendor/laminas/laminas-stratigility/src/Next.php(61): Middlewares\BasePathRouter->process(Object(Laminas\Diactoros\ServerRequest), Object(Laminas\Stratigility\Next))
#26 /var/www/vhosts/talkie.vn/httpdocs/vendor/laminas/laminas-stratigility/src/Middleware/OriginalMessages.php(42): Laminas\Stratigility\Next->handle(Object(Laminas\Diactoros\ServerRequest))
#27 /var/www/vhosts/talkie.vn/httpdocs/vendor/laminas/laminas-stratigility/src/Next.php(61): Laminas\Stratigility\Middleware\OriginalMessages->process(Object(Laminas\Diactoros\ServerRequest), Object(Laminas\Stratigility\Next))
#28 /var/www/vhosts/talkie.vn/httpdocs/vendor/middlewares/base-path/src/BasePath.php(53): Laminas\Stratigility\Next->handle(Object(Laminas\Diactoros\ServerRequest))
#29 /var/www/vhosts/talkie.vn/httpdocs/vendor/laminas/laminas-stratigility/src/Next.php(61): Middlewares\BasePath->process(Object(Laminas\Diactoros\ServerRequest), Object(Laminas\Stratigility\Next))
#30 /var/www/vhosts/talkie.vn/httpdocs/vendor/laminas/laminas-stratigility/src/MiddlewarePipe.php(84): Laminas\Stratigility\Next->handle(Object(Laminas\Diactoros\ServerRequest))
#31 /var/www/vhosts/talkie.vn/httpdocs/vendor/laminas/laminas-stratigility/src/MiddlewarePipe.php(73): Laminas\Stratigility\MiddlewarePipe->process(Object(Laminas\Diactoros\ServerRequest), Object(Laminas\Stratigility\EmptyPipelineHandler))
#32 /var/www/vhosts/talkie.vn/httpdocs/vendor/laminas/laminas-httphandlerrunner/src/RequestHandlerRunner.php(96): Laminas\Stratigility\MiddlewarePipe->handle(Object(Laminas\Diactoros\ServerRequest))
#33 /var/www/vhosts/talkie.vn/httpdocs/vendor/flarum/core/src/Http/Server.php(42): Laminas\HttpHandlerRunner\RequestHandlerRunner->run()
#34 /var/www/vhosts/talkie.vn/httpdocs/public/index.php(26): Flarum\Http\Server->listen()
#35 {main}  
[2020-06-11 05:39:43] production.ERROR: TypeError: Argument 1 passed to Flarum\Forum\Auth\Registration::provideTrustedEmail() must be of the type string, null given, called in /var/www/vhosts/talkie.vn/httpdocs/vendor/flarum/auth-facebook/src/FacebookAuthController.php on line 100 and defined in /var/www/vhosts/talkie.vn/httpdocs/vendor/flarum/core/src/Forum/Auth/Registration.php:69
Stack trace:
#0 /var/www/vhosts/talkie.vn/httpdocs/vendor/flarum/auth-facebook/src/FacebookAuthController.php(100): Flarum\Forum\Auth\Registration->provideTrustedEmail(NULL)
#1 /var/www/vhosts/talkie.vn/httpdocs/vendor/flarum/core/src/Forum/Auth/ResponseFactory.php(41): Flarum\Auth\Facebook\FacebookAuthController->Flarum\Auth\Facebook\{closure}(Object(Flarum\Forum\Auth\Registration))
#2 /var/www/vhosts/talkie.vn/httpdocs/vendor/flarum/auth-facebook/src/FacebookAuthController.php(104): Flarum\Forum\Auth\ResponseFactory->make('facebook', '580770666197181', Object(Closure))
#3 /var/www/vhosts/talkie.vn/httpdocs/vendor/flarum/core/src/Http/RouteHandlerFactory.php(38): Flarum\Auth\Facebook\FacebookAuthController->handle(Object(Laminas\Diactoros\ServerRequest))
#4 /var/www/vhosts/talkie.vn/httpdocs/vendor/flarum/core/src/Http/Middleware/DispatchRoute.php(65): Flarum\Http\RouteHandlerFactory->Flarum\Http\{closure}(Object(Laminas\Diactoros\ServerRequest), Array)
#5 /var/www/vhosts/talkie.vn/httpdocs/vendor/laminas/laminas-stratigility/src/Next.php(61): Flarum\Http\Middleware\DispatchRoute->process(Object(Laminas\Diactoros\ServerRequest), Object(Closure))
#6 /var/www/vhosts/talkie.vn/httpdocs/vendor/fof/stopforumspam/src/Middleware/RegisterMiddleware.php(94): Laminas\Stratigility\Next->handle(Object(Laminas\Diactoros\ServerRequest))
#7 /var/www/vhosts/talkie.vn/httpdocs/vendor/laminas/laminas-stratigility/src/Next.php(61): FoF\StopForumSpam\Middleware\RegisterMiddleware->process(Object(Laminas\Diactoros\ServerRequest), Object(Laminas\Stratigility\Next))
#8 /var/www/vhosts/talkie.vn/httpdocs/vendor/fof/terms/src/Middlewares/RegisterMiddleware.php(54): Laminas\Stratigility\Next->handle(Object(Laminas\Diactoros\ServerRequest))
#9 /var/www/vhosts/talkie.vn/httpdocs/vendor/laminas/laminas-stratigility/src/Next.php(61): FoF\Terms\Middlewares\RegisterMiddleware->process(Object(Laminas\Diactoros\ServerRequest), Object(Laminas\Stratigility\Next))
#10 /var/www/vhosts/talkie.vn/httpdocs/vendor/flarum/core/src/Http/Middleware/ShareErrorsFromSession.php(57): Laminas\Stratigility\Next->handle(Object(Laminas\Diactoros\ServerRequest))
#11 /var/www/vhosts/talkie.vn/httpdocs/vendor/laminas/laminas-stratigility/src/Next.php(61): Flarum\Http\Middleware\ShareErrorsFromSession->process(Object(Laminas\Diactoros\ServerRequest), Object(Laminas\Stratigility\Next))
#12 /var/www/vhosts/talkie.vn/httpdocs/vendor/flarum/core/src/Http/Middleware/SetLocale.php(50): Laminas\Stratigility\Next->handle(Object(Laminas\Diactoros\ServerRequest))
#13 /var/www/vhosts/talkie.vn/httpdocs/vendor/laminas/laminas-stratigility/src/Next.php(61): Flarum\Http\Middleware\SetLocale->process(Object(Laminas\Diactoros\ServerRequest), Object(Laminas\Stratigility\Next))
#14 /var/www/vhosts/talkie.vn/httpdocs/vendor/flarum/core/src/Http/Middleware/CheckCsrfToken.php(37): Laminas\Stratigility\Next->handle(Object(Laminas\Diactoros\ServerRequest))
#15 /var/www/vhosts/talkie.vn/httpdocs/vendor/laminas/laminas-stratigility/src/Next.php(61): Flarum\Http\Middleware\CheckCsrfToken->process(Object(Laminas\Diactoros\ServerRequest), Object(Laminas\Stratigility\Next))
#16 /var/www/vhosts/talkie.vn/httpdocs/vendor/flarum/core/src/Http/Middleware/AuthenticateWithSession.php(32): Laminas\Stratigility\Next->handle(Object(Laminas\Diactoros\ServerRequest))
#17 /var/www/vhosts/talkie.vn/httpdocs/vendor/laminas/laminas-stratigility/src/Next.php(61): Flarum\Http\Middleware\AuthenticateWithSession->process(Object(Laminas\Diactoros\ServerRequest), Object(Laminas\Stratigility\Next))
#18 /var/www/vhosts/talkie.vn/httpdocs/vendor/flarum/core/src/Http/Middleware/RememberFromCookie.php(51): Laminas\Stratigility\Next->handle(Object(Laminas\Diactoros\ServerRequest))
#19 /var/www/vhosts/talkie.vn/httpdocs/vendor/laminas/laminas-stratigility/src/Next.php(61): Flarum\Http\Middleware\RememberFromCookie->process(Object(Laminas\Diactoros\ServerRequest), Object(Laminas\Stratigility\Next))
#20 /var/www/vhosts/talkie.vn/httpdocs/vendor/flarum/core/src/Http/Middleware/StartSession.php(61): Laminas\Stratigility\Next->handle(Object(Laminas\Diactoros\ServerRequest))
#21 /var/www/vhosts/talkie.vn/httpdocs/vendor/laminas/laminas-stratigility/src/Next.php(61): Flarum\Http\Middleware\StartSession->process(Object(Laminas\Diactoros\ServerRequest), Object(Laminas\Stratigility\Next))
#22 /var/www/vhosts/talkie.vn/httpdocs/vendor/flarum/core/src/Http/Middleware/CollectGarbage.php(46): Laminas\Stratigility\Next->handle(Object(Laminas\Diactoros\ServerRequest))
#23 /var/www/vhosts/talkie.vn/httpdocs/vendor/laminas/laminas-stratigility/src/Next.php(61): Flarum\Http\Middleware\CollectGarbage->process(Object(Laminas\Diactoros\ServerRequest), Object(Laminas\Stratigility\Next))
#24 /var/www/vhosts/talkie.vn/httpdocs/vendor/flarum/core/src/Http/Middleware/ParseJsonBody.php(28): Laminas\Stratigility\Next->handle(Object(Laminas\Diactoros\ServerRequest))
#25 /var/www/vhosts/talkie.vn/httpdocs/vendor/laminas/laminas-stratigility/src/Next.php(61): Flarum\Http\Middleware\ParseJsonBody->process(Object(Laminas\Diactoros\ServerRequest), Object(Laminas\Stratigility\Next))
#26 /var/www/vhosts/talkie.vn/httpdocs/vendor/flarum/core/src/Http/Middleware/HandleErrors.php(57): Laminas\Stratigility\Next->handle(Object(Laminas\Diactoros\ServerRequest))
#27 /var/www/vhosts/talkie.vn/httpdocs/vendor/laminas/laminas-stratigility/src/Next.php(61): Flarum\Http\Middleware\HandleErrors->process(Object(Laminas\Diactoros\ServerRequest), Object(Laminas\Stratigility\Next))
#28 /var/www/vhosts/talkie.vn/httpdocs/vendor/laminas/laminas-stratigility/src/MiddlewarePipe.php(84): Laminas\Stratigility\Next->handle(Object(Laminas\Diactoros\ServerRequest))
#29 /var/www/vhosts/talkie.vn/httpdocs/vendor/middlewares/request-handler/src/RequestHandler.php(84): Laminas\Stratigility\MiddlewarePipe->process(Object(Laminas\Diactoros\ServerRequest), Object(Laminas\Stratigility\Next))
#30 /var/www/vhosts/talkie.vn/httpdocs/vendor/laminas/laminas-stratigility/src/Next.php(61): Middlewares\RequestHandler->process(Object(Laminas\Diactoros\ServerRequest), Object(Laminas\Stratigility\Next))
#31 /var/www/vhosts/talkie.vn/httpdocs/vendor/middlewares/base-path-router/src/BasePathRouter.php(97): Laminas\Stratigility\Next->handle(Object(Laminas\Diactoros\ServerRequest))
#32 /var/www/vhosts/talkie.vn/httpdocs/vendor/laminas/laminas-stratigility/src/Next.php(61): Middlewares\BasePathRouter->process(Object(Laminas\Diactoros\ServerRequest), Object(Laminas\Stratigility\Next))
#33 /var/www/vhosts/talkie.vn/httpdocs/vendor/laminas/laminas-stratigility/src/Middleware/OriginalMessages.php(42): Laminas\Stratigility\Next->handle(Object(Laminas\Diactoros\ServerRequest))
#34 /var/www/vhosts/talkie.vn/httpdocs/vendor/laminas/laminas-stratigility/src/Next.php(61): Laminas\Stratigility\Middleware\OriginalMessages->process(Object(Laminas\Diactoros\ServerRequest), Object(Laminas\Stratigility\Next))
#35 /var/www/vhosts/talkie.vn/httpdocs/vendor/middlewares/base-path/src/BasePath.php(53): Laminas\Stratigility\Next->handle(Object(Laminas\Diactoros\ServerRequest))
#36 /var/www/vhosts/talkie.vn/httpdocs/vendor/laminas/laminas-stratigility/src/Next.php(61): Middlewares\BasePath->process(Object(Laminas\Diactoros\ServerRequest), Object(Laminas\Stratigility\Next))
#37 /var/www/vhosts/talkie.vn/httpdocs/vendor/laminas/laminas-stratigility/src/MiddlewarePipe.php(84): Laminas\Stratigility\Next->handle(Object(Laminas\Diactoros\ServerRequest))
#38 /var/www/vhosts/talkie.vn/httpdocs/vendor/laminas/laminas-stratigility/src/MiddlewarePipe.php(73): Laminas\Stratigility\MiddlewarePipe->process(Object(Laminas\Diactoros\ServerRequest), Object(Laminas\Stratigility\EmptyPipelineHandler))
#39 /var/www/vhosts/talkie.vn/httpdocs/vendor/laminas/laminas-httphandlerrunner/src/RequestHandlerRunner.php(96): Laminas\Stratigility\MiddlewarePipe->handle(Object(Laminas\Diactoros\ServerRequest))
#40 /var/www/vhosts/talkie.vn/httpdocs/vendor/flarum/core/src/Http/Server.php(42): Laminas\HttpHandlerRunner\RequestHandlerRunner->run()
#41 /var/www/vhosts/talkie.vn/httpdocs/public/index.php(26): Flarum\Http\Server->listen()
#42 {main}  
[2020-06-11 05:39:52] production.ERROR: TypeError: Argument 1 passed to Flarum\Forum\Auth\Registration::provideTrustedEmail() must be of the type string, null given, called in /var/www/vhosts/talkie.vn/httpdocs/vendor/flarum/auth-facebook/src/FacebookAuthController.php on line 100 and defined in /var/www/vhosts/talkie.vn/httpdocs/vendor/flarum/core/src/Forum/Auth/Registration.php:69
Stack trace:
#0 /var/www/vhosts/talkie.vn/httpdocs/vendor/flarum/auth-facebook/src/FacebookAuthController.php(100): Flarum\Forum\Auth\Registration->provideTrustedEmail(NULL)
#1 /var/www/vhosts/talkie.vn/httpdocs/vendor/flarum/core/src/Forum/Auth/ResponseFactory.php(41): Flarum\Auth\Facebook\FacebookAuthController->Flarum\Auth\Facebook\{closure}(Object(Flarum\Forum\Auth\Registration))
#2 /var/www/vhosts/talkie.vn/httpdocs/vendor/flarum/auth-facebook/src/FacebookAuthController.php(104): Flarum\Forum\Auth\ResponseFactory->make('facebook', '580770666197181', Object(Closure))
#3 /var/www/vhosts/talkie.vn/httpdocs/vendor/flarum/core/src/Http/RouteHandlerFactory.php(38): Flarum\Auth\Facebook\FacebookAuthController->handle(Object(Laminas\Diactoros\ServerRequest))
#4 /var/www/vhosts/talkie.vn/httpdocs/vendor/flarum/core/src/Http/Middleware/DispatchRoute.php(65): Flarum\Http\RouteHandlerFactory->Flarum\Http\{closure}(Object(Laminas\Diactoros\ServerRequest), Array)
#5 /var/www/vhosts/talkie.vn/httpdocs/vendor/laminas/laminas-stratigility/src/Next.php(61): Flarum\Http\Middleware\DispatchRoute->process(Object(Laminas\Diactoros\ServerRequest), Object(Closure))
#6 /var/www/vhosts/talkie.vn/httpdocs/vendor/fof/stopforumspam/src/Middleware/RegisterMiddleware.php(94): Laminas\Stratigility\Next->handle(Object(Laminas\Diactoros\ServerRequest))
#7 /var/www/vhosts/talkie.vn/httpdocs/vendor/laminas/laminas-stratigility/src/Next.php(61): FoF\StopForumSpam\Middleware\RegisterMiddleware->process(Object(Laminas\Diactoros\ServerRequest), Object(Laminas\Stratigility\Next))
#8 /var/www/vhosts/talkie.vn/httpdocs/vendor/fof/terms/src/Middlewares/RegisterMiddleware.php(54): Laminas\Stratigility\Next->handle(Object(Laminas\Diactoros\ServerRequest))
#9 /var/www/vhosts/talkie.vn/httpdocs/vendor/laminas/laminas-stratigility/src/Next.php(61): FoF\Terms\Middlewares\RegisterMiddleware->process(Object(Laminas\Diactoros\ServerRequest), Object(Laminas\Stratigility\Next))
#10 /var/www/vhosts/talkie.vn/httpdocs/vendor/flarum/core/src/Http/Middleware/ShareErrorsFromSession.php(57): Laminas\Stratigility\Next->handle(Object(Laminas\Diactoros\ServerRequest))
#11 /var/www/vhosts/talkie.vn/httpdocs/vendor/laminas/laminas-stratigility/src/Next.php(61): Flarum\Http\Middleware\ShareErrorsFromSession->process(Object(Laminas\Diactoros\ServerRequest), Object(Laminas\Stratigility\Next))
#12 /var/www/vhosts/talkie.vn/httpdocs/vendor/flarum/core/src/Http/Middleware/SetLocale.php(50): Laminas\Stratigility\Next->handle(Object(Laminas\Diactoros\ServerRequest))
#13 /var/www/vhosts/talkie.vn/httpdocs/vendor/laminas/laminas-stratigility/src/Next.php(61): Flarum\Http\Middleware\SetLocale->process(Object(Laminas\Diactoros\ServerRequest), Object(Laminas\Stratigility\Next))
#14 /var/www/vhosts/talkie.vn/httpdocs/vendor/flarum/core/src/Http/Middleware/CheckCsrfToken.php(37): Laminas\Stratigility\Next->handle(Object(Laminas\Diactoros\ServerRequest))
#15 /var/www/vhosts/talkie.vn/httpdocs/vendor/laminas/laminas-stratigility/src/Next.php(61): Flarum\Http\Middleware\CheckCsrfToken->process(Object(Laminas\Diactoros\ServerRequest), Object(Laminas\Stratigility\Next))
#16 /var/www/vhosts/talkie.vn/httpdocs/vendor/flarum/core/src/Http/Middleware/AuthenticateWithSession.php(32): Laminas\Stratigility\Next->handle(Object(Laminas\Diactoros\ServerRequest))
#17 /var/www/vhosts/talkie.vn/httpdocs/vendor/laminas/laminas-stratigility/src/Next.php(61): Flarum\Http\Middleware\AuthenticateWithSession->process(Object(Laminas\Diactoros\ServerRequest), Object(Laminas\Stratigility\Next))
#18 /var/www/vhosts/talkie.vn/httpdocs/vendor/flarum/core/src/Http/Middleware/RememberFromCookie.php(51): Laminas\Stratigility\Next->handle(Object(Laminas\Diactoros\ServerRequest))
#19 /var/www/vhosts/talkie.vn/httpdocs/vendor/laminas/laminas-stratigility/src/Next.php(61): Flarum\Http\Middleware\RememberFromCookie->process(Object(Laminas\Diactoros\ServerRequest), Object(Laminas\Stratigility\Next))
#20 /var/www/vhosts/talkie.vn/httpdocs/vendor/flarum/core/src/Http/Middleware/StartSession.php(61): Laminas\Stratigility\Next->handle(Object(Laminas\Diactoros\ServerRequest))
#21 /var/www/vhosts/talkie.vn/httpdocs/vendor/laminas/laminas-stratigility/src/Next.php(61): Flarum\Http\Middleware\StartSession->process(Object(Laminas\Diactoros\ServerRequest), Object(Laminas\Stratigility\Next))
#22 /var/www/vhosts/talkie.vn/httpdocs/vendor/flarum/core/src/Http/Middleware/CollectGarbage.php(46): Laminas\Stratigility\Next->handle(Object(Laminas\Diactoros\ServerRequest))
#23 /var/www/vhosts/talkie.vn/httpdocs/vendor/laminas/laminas-stratigility/src/Next.php(61): Flarum\Http\Middleware\CollectGarbage->process(Object(Laminas\Diactoros\ServerRequest), Object(Laminas\Stratigility\Next))
#24 /var/www/vhosts/talkie.vn/httpdocs/vendor/flarum/core/src/Http/Middleware/ParseJsonBody.php(28): Laminas\Stratigility\Next->handle(Object(Laminas\Diactoros\ServerRequest))
#25 /var/www/vhosts/talkie.vn/httpdocs/vendor/laminas/laminas-stratigility/src/Next.php(61): Flarum\Http\Middleware\ParseJsonBody->process(Object(Laminas\Diactoros\ServerRequest), Object(Laminas\Stratigility\Next))
#26 /var/www/vhosts/talkie.vn/httpdocs/vendor/flarum/core/src/Http/Middleware/HandleErrors.php(57): Laminas\Stratigility\Next->handle(Object(Laminas\Diactoros\ServerRequest))
#27 /var/www/vhosts/talkie.vn/httpdocs/vendor/laminas/laminas-stratigility/src/Next.php(61): Flarum\Http\Middleware\HandleErrors->process(Object(Laminas\Diactoros\ServerRequest), Object(Laminas\Stratigility\Next))
#28 /var/www/vhosts/talkie.vn/httpdocs/vendor/laminas/laminas-stratigility/src/MiddlewarePipe.php(84): Laminas\Stratigility\Next->handle(Object(Laminas\Diactoros\ServerRequest))
#29 /var/www/vhosts/talkie.vn/httpdocs/vendor/middlewares/request-handler/src/RequestHandler.php(84): Laminas\Stratigility\MiddlewarePipe->process(Object(Laminas\Diactoros\ServerRequest), Object(Laminas\Stratigility\Next))
#30 /var/www/vhosts/talkie.vn/httpdocs/vendor/laminas/laminas-stratigility/src/Next.php(61): Middlewares\RequestHandler->process(Object(Laminas\Diactoros\ServerRequest), Object(Laminas\Stratigility\Next))
#31 /var/www/vhosts/talkie.vn/httpdocs/vendor/middlewares/base-path-router/src/BasePathRouter.php(97): Laminas\Stratigility\Next->handle(Object(Laminas\Diactoros\ServerRequest))
#32 /var/www/vhosts/talkie.vn/httpdocs/vendor/laminas/laminas-stratigility/src/Next.php(61): Middlewares\BasePathRouter->process(Object(Laminas\Diactoros\ServerRequest), Object(Laminas\Stratigility\Next))
#33 /var/www/vhosts/talkie.vn/httpdocs/vendor/laminas/laminas-stratigility/src/Middleware/OriginalMessages.php(42): Laminas\Stratigility\Next->handle(Object(Laminas\Diactoros\ServerRequest))
#34 /var/www/vhosts/talkie.vn/httpdocs/vendor/laminas/laminas-stratigility/src/Next.php(61): Laminas\Stratigility\Middleware\OriginalMessages->process(Object(Laminas\Diactoros\ServerRequest), Object(Laminas\Stratigility\Next))
#35 /var/www/vhosts/talkie.vn/httpdocs/vendor/middlewares/base-path/src/BasePath.php(53): Laminas\Stratigility\Next->handle(Object(Laminas\Diactoros\ServerRequest))
#36 /var/www/vhosts/talkie.vn/httpdocs/vendor/laminas/laminas-stratigility/src/Next.php(61): Middlewares\BasePath->process(Object(Laminas\Diactoros\ServerRequest), Object(Laminas\Stratigility\Next))
#37 /var/www/vhosts/talkie.vn/httpdocs/vendor/laminas/laminas-stratigility/src/MiddlewarePipe.php(84): Laminas\Stratigility\Next->handle(Object(Laminas\Diactoros\ServerRequest))
#38 /var/www/vhosts/talkie.vn/httpdocs/vendor/laminas/laminas-stratigility/src/MiddlewarePipe.php(73): Laminas\Stratigility\MiddlewarePipe->process(Object(Laminas\Diactoros\ServerRequest), Object(Laminas\Stratigility\EmptyPipelineHandler))
#39 /var/www/vhosts/talkie.vn/httpdocs/vendor/laminas/laminas-httphandlerrunner/src/RequestHandlerRunner.php(96): Laminas\Stratigility\MiddlewarePipe->handle(Object(Laminas\Diactoros\ServerRequest))
#40 /var/www/vhosts/talkie.vn/httpdocs/vendor/flarum/core/src/Http/Server.php(42): Laminas\HttpHandlerRunner\RequestHandlerRunner->run()
#41 /var/www/vhosts/talkie.vn/httpdocs/public/index.php(26): Flarum\Http\Server->listen()
#42 {main}  
